TN:
SF:/Users/fengyichen/pldev/newfolder/PrairieLearn/server.js
FN:49,(anonymous_0)
FN:50,(anonymous_1)
FN:51,(anonymous_2)
FN:52,(anonymous_3)
FN:76,(anonymous_4)
FN:90,(anonymous_5)
FN:90,(anonymous_6)
FN:91,(anonymous_7)
FN:110,(anonymous_8)
FN:128,(anonymous_9)
FN:129,(anonymous_10)
FN:134,(anonymous_11)
FN:144,(anonymous_12)
FN:154,(anonymous_13)
FN:155,(anonymous_14)
FN:286,(anonymous_15)
FN:287,(anonymous_16)
FN:288,(anonymous_17)
FN:306,(anonymous_18)
FN:324,(anonymous_19)
FN:345,(anonymous_20)
FN:347,(anonymous_21)
FN:353,(anonymous_22)
FN:361,(anonymous_23)
FN:369,(anonymous_24)
FN:378,(anonymous_25)
FN:388,(anonymous_26)
FN:391,(anonymous_27)
FN:397,(anonymous_28)
FN:398,(anonymous_29)
FN:403,(anonymous_30)
FN:404,(anonymous_31)
FN:409,(anonymous_32)
FN:410,(anonymous_33)
FN:415,(anonymous_34)
FN:416,(anonymous_35)
FN:421,(anonymous_36)
FN:423,(anonymous_37)
FN:428,(anonymous_38)
FN:430,(anonymous_39)
FN:435,(anonymous_40)
FN:436,(anonymous_41)
FN:441,(anonymous_42)
FN:442,(anonymous_43)
FN:447,(anonymous_44)
FN:448,(anonymous_45)
FN:453,(anonymous_46)
FN:454,(anonymous_47)
FN:459,(anonymous_48)
FNF:49
FNH:17
FNDA:626,(anonymous_0)
FNDA:626,(anonymous_1)
FNDA:626,(anonymous_2)
FNDA:626,(anonymous_3)
FNDA:0,(anonymous_4)
FNDA:626,(anonymous_5)
FNDA:7512,(anonymous_6)
FNDA:626,(anonymous_7)
FNDA:0,(anonymous_8)
FNDA:621,(anonymous_9)
FNDA:621,(anonymous_10)
FNDA:0,(anonymous_11)
FNDA:0,(anonymous_12)
FNDA:65,(anonymous_13)
FNDA:65,(anonymous_14)
FNDA:0,(anonymous_15)
FNDA:0,(anonymous_16)
FNDA:0,(anonymous_17)
FNDA:0,(anonymous_18)
FNDA:16,(anonymous_19)
FNDA:16,(anonymous_20)
FNDA:16,(anonymous_21)
FNDA:16,(anonymous_22)
FNDA:16,(anonymous_23)
FNDA:16,(anonymous_24)
FNDA:0,(anonymous_25)
FNDA:0,(anonymous_26)
FNDA:0,(anonymous_27)
FNDA:0,(anonymous_28)
FNDA:0,(anonymous_29)
FNDA:0,(anonymous_30)
FNDA:0,(anonymous_31)
FNDA:0,(anonymous_32)
FNDA:0,(anonymous_33)
FNDA:0,(anonymous_34)
FNDA:0,(anonymous_35)
FNDA:0,(anonymous_36)
FNDA:0,(anonymous_37)
FNDA:0,(anonymous_38)
FNDA:0,(anonymous_39)
FNDA:0,(anonymous_40)
FNDA:0,(anonymous_41)
FNDA:0,(anonymous_42)
FNDA:0,(anonymous_43)
FNDA:0,(anonymous_44)
FNDA:0,(anonymous_45)
FNDA:0,(anonymous_46)
FNDA:0,(anonymous_47)
FNDA:0,(anonymous_48)
DA:1,1
DA:2,1
DA:3,1
DA:4,1
DA:5,1
DA:6,1
DA:7,1
DA:8,1
DA:9,1
DA:10,1
DA:11,1
DA:12,1
DA:14,1
DA:15,1
DA:16,1
DA:17,1
DA:18,1
DA:19,1
DA:20,1
DA:21,1
DA:22,1
DA:23,1
DA:24,1
DA:25,1
DA:27,1
DA:28,0
DA:30,0
DA:31,0
DA:32,0
DA:35,0
DA:37,0
DA:38,0
DA:39,0
DA:43,1
DA:44,1
DA:45,1
DA:47,1
DA:49,626
DA:50,626
DA:51,626
DA:52,626
DA:54,1
DA:55,0
DA:56,0
DA:76,0
DA:79,1
DA:80,1
DA:81,1
DA:82,1
DA:83,1
DA:84,1
DA:85,1
DA:89,1
DA:90,7512
DA:91,626
DA:92,1
DA:93,1
DA:94,1
DA:95,1
DA:96,1
DA:97,1
DA:98,1
DA:99,1
DA:100,1
DA:101,1
DA:102,1
DA:105,1
DA:106,1
DA:110,1
DA:113,1
DA:116,1
DA:117,1
DA:118,1
DA:121,1
DA:122,1
DA:123,1
DA:127,1
DA:128,621
DA:129,621
DA:134,1
DA:135,0
DA:136,0
DA:138,0
DA:144,1
DA:145,0
DA:146,0
DA:148,0
DA:153,1
DA:154,65
DA:155,65
DA:156,1
DA:159,1
DA:160,1
DA:167,1
DA:168,1
DA:169,1
DA:173,1
DA:177,1
DA:181,1
DA:182,1
DA:183,1
DA:184,1
DA:185,1
DA:186,1
DA:187,1
DA:188,1
DA:189,1
DA:192,1
DA:193,1
DA:194,1
DA:198,1
DA:204,1
DA:210,1
DA:214,1
DA:226,1
DA:227,1
DA:232,1
DA:237,1
DA:242,1
DA:243,1
DA:244,1
DA:245,1
DA:249,1
DA:250,1
DA:253,1
DA:254,1
DA:255,1
DA:259,1
DA:265,1
DA:271,1
DA:275,1
DA:285,1
DA:286,1
DA:287,1
DA:288,1
DA:289,1
DA:290,1
DA:291,1
DA:292,1
DA:299,1
DA:300,1
DA:306,1
DA:307,1
DA:314,1
DA:315,1
DA:324,1
DA:325,16
DA:326,0
DA:331,0
DA:332,0
DA:333,0
DA:334,0
DA:335,16
DA:336,16
DA:337,16
DA:338,16
DA:339,16
DA:341,0
DA:345,1
DA:346,16
DA:347,16
DA:348,16
DA:349,16
DA:353,1
DA:356,16
DA:361,16
DA:362,16
DA:363,16
DA:365,16
DA:368,16
DA:369,16
DA:370,16
DA:371,16
DA:376,1
DA:377,0
DA:379,0
DA:387,0
DA:388,0
DA:389,0
DA:391,0
DA:392,0
DA:393,0
DA:394,0
DA:398,0
DA:399,0
DA:400,0
DA:404,0
DA:405,0
DA:406,0
DA:410,0
DA:411,0
DA:412,0
DA:416,0
DA:417,0
DA:418,0
DA:422,0
DA:423,0
DA:424,0
DA:425,0
DA:429,0
DA:430,0
DA:431,0
DA:432,0
DA:436,0
DA:437,0
DA:438,0
DA:442,0
DA:443,0
DA:444,0
DA:448,0
DA:449,0
DA:450,0
DA:454,0
DA:455,0
DA:456,0
DA:460,0
DA:461,0
DA:462,0
DA:463,0
DA:465,0
DA:466,0
DA:467,0
LF:222
LH:151
BRDA:27,0,0,0
BRDA:27,0,1,1
BRDA:31,1,0,0
BRDA:31,1,1,0
BRDA:37,2,0,0
BRDA:37,2,1,0
BRDA:54,3,0,0
BRDA:54,3,1,1
BRDA:105,4,0,1
BRDA:105,4,1,0
BRDA:121,5,0,1
BRDA:121,5,1,0
BRDA:135,6,0,0
BRDA:135,6,1,0
BRDA:145,7,0,0
BRDA:145,7,1,0
BRDA:242,8,0,1
BRDA:242,8,1,0
BRDA:325,9,0,0
BRDA:325,9,1,16
BRDA:335,10,0,16
BRDA:335,10,1,0
BRDA:346,11,0,0
BRDA:346,11,1,16
BRDA:348,12,0,0
BRDA:348,12,1,16
BRDA:362,13,0,0
BRDA:362,13,1,16
BRDA:370,14,0,0
BRDA:370,14,1,16
BRDA:376,15,0,0
BRDA:376,15,1,1
BRDA:392,16,0,0
BRDA:392,16,1,0
BRDA:399,17,0,0
BRDA:399,17,1,0
BRDA:405,18,0,0
BRDA:405,18,1,0
BRDA:411,19,0,0
BRDA:411,19,1,0
BRDA:417,20,0,0
BRDA:417,20,1,0
BRDA:422,21,0,0
BRDA:422,21,1,0
BRDA:424,22,0,0
BRDA:424,22,1,0
BRDA:431,23,0,0
BRDA:431,23,1,0
BRDA:437,24,0,0
BRDA:437,24,1,0
BRDA:443,25,0,0
BRDA:443,25,1,0
BRDA:449,26,0,0
BRDA:449,26,1,0
BRDA:455,27,0,0
BRDA:455,27,1,0
BRDA:460,28,0,0
BRDA:460,28,1,0
BRDA:466,29,0,0
BRDA:466,29,1,0
BRF:60
BRH:12
end_of_record
TN:
SF:/Users/fengyichen/pldev/newfolder/PrairieLearn/cron/autoFinishExams.js
FN:11,(anonymous_0)
FN:13,(anonymous_1)
FN:17,(anonymous_2)
FN:21,(anonymous_3)
FN:22,(anonymous_4)
FN:27,(anonymous_5)
FNF:6
FNH:0
FNDA:0,(anonymous_0)
FNDA:0,(anonymous_1)
FNDA:0,(anonymous_2)
FNDA:0,(anonymous_3)
FNDA:0,(anonymous_4)
FNDA:0,(anonymous_5)
DA:1,1
DA:2,1
DA:4,1
DA:5,1
DA:6,1
DA:7,1
DA:9,1
DA:11,1
DA:12,0
DA:13,0
DA:14,0
DA:15,0
DA:17,0
DA:18,0
DA:19,0
DA:20,0
DA:21,0
DA:22,0
DA:23,0
DA:25,0
DA:28,0
DA:29,0
LF:22
LH:8
BRDA:14,0,0,0
BRDA:14,0,1,0
BRDA:22,1,0,0
BRDA:22,1,1,0
BRDA:28,2,0,0
BRDA:28,2,1,0
BRF:6
BRH:0
end_of_record
TN:
SF:/Users/fengyichen/pldev/newfolder/PrairieLearn/cron/errorAbandonedJobs.js
FN:7,(anonymous_0)
FN:8,(anonymous_1)
FNF:2
FNH:0
FNDA:0,(anonymous_0)
FNDA:0,(anonymous_1)
DA:1,1
DA:3,1
DA:5,1
DA:7,1
DA:8,0
DA:9,0
DA:10,0
LF:7
LH:4
BRDA:9,0,0,0
BRDA:9,0,1,0
BRF:2
BRH:0
end_of_record
TN:
SF:/Users/fengyichen/pldev/newfolder/PrairieLearn/cron/externalGraderLoad.js
FN:9,(anonymous_0)
FN:15,(anonymous_1)
FN:58,(anonymous_2)
FNF:3
FNH:1
FNDA:476,(anonymous_0)
FNDA:0,(anonymous_1)
FNDA:0,(anonymous_2)
DA:1,1
DA:2,1
DA:4,1
DA:5,1
DA:7,1
DA:9,1
DA:10,476
DA:11,0
DA:15,0
DA:16,0
DA:17,0
DA:19,0
DA:20,0
DA:21,0
DA:58,0
DA:59,0
DA:60,0
LF:17
LH:7
BRDA:10,0,0,476
BRDA:10,0,1,0
BRDA:16,1,0,0
BRDA:16,1,1,0
BRDA:59,2,0,0
BRDA:59,2,1,0
BRF:6
BRH:1
end_of_record
TN:
SF:/Users/fengyichen/pldev/newfolder/PrairieLearn/cron/index.js
FN:32,(anonymous_0)
FN:35,(anonymous_1)
FN:47,queueRun
FN:48,(anonymous_3)
FN:57,timeToNextMS
FN:70,queueRun
FN:71,(anonymous_6)
FN:80,(anonymous_7)
FN:82,(anonymous_8)
FN:85,(anonymous_9)
FN:93,(anonymous_10)
FNF:11
FNH:8
FNDA:68,(anonymous_0)
FNDA:51,(anonymous_1)
FNDA:476,queueRun
FNDA:476,(anonymous_3)
FNDA:17,timeToNextMS
FNDA:0,queueRun
FNDA:0,(anonymous_6)
FNDA:476,(anonymous_7)
FNDA:476,(anonymous_8)
FNDA:0,(anonymous_9)
FNDA:476,(anonymous_10)
DA:1,1
DA:2,1
DA:3,1
DA:5,1
DA:6,1
DA:8,1
DA:10,17
DA:32,68
DA:34,17
DA:35,17
DA:36,51
DA:37,17
DA:39,34
DA:42,17
DA:46,34
DA:48,476
DA:49,476
DA:52,34
DA:56,17
DA:58,17
DA:59,17
DA:60,17
DA:61,17
DA:62,17
DA:63,17
DA:64,17
DA:65,0
DA:66,0
DA:68,17
DA:71,0
DA:72,0
DA:75,17
DA:79,476
DA:80,476
DA:81,476
DA:82,476
DA:83,476
DA:84,476
DA:85,476
DA:86,0
DA:89,476
DA:91,476
DA:94,476
DA:95,476
LF:44
LH:39
BRDA:36,0,0,17
BRDA:36,0,1,34
BRDA:64,1,0,0
BRDA:64,1,1,17
BRDA:85,2,0,0
BRDA:85,2,1,476
BRF:6
BRH:4
end_of_record
TN:
SF:/Users/fengyichen/pldev/newfolder/PrairieLearn/cron/sendExternalGraderStats.js
FN:10,(anonymous_0)
FN:12,(anonymous_1)
FN:43,(anonymous_2)
FNF:3
FNH:0
FNDA:0,(anonymous_0)
FNDA:0,(anonymous_1)
FNDA:0,(anonymous_2)
DA:1,1
DA:3,1
DA:4,1
DA:5,1
DA:6,1
DA:8,1
DA:10,1
DA:11,0
DA:12,0
DA:13,0
DA:26,0
DA:28,0
DA:29,0
DA:30,0
DA:31,0
DA:32,0
DA:33,0
DA:34,0
DA:35,0
DA:36,0
DA:37,0
DA:38,0
DA:39,0
DA:40,0
DA:41,0
DA:43,0
DA:44,0
DA:45,0
DA:46,0
DA:48,0
LF:30
LH:7
BRDA:11,0,0,0
BRDA:11,0,1,0
BRDA:13,1,0,0
BRDA:13,1,1,0
BRDA:44,2,0,0
BRDA:44,2,1,0
BRDA:45,3,0,0
BRDA:45,3,1,0
BRF:8
BRH:0
end_of_record
TN:
SF:/Users/fengyichen/pldev/newfolder/PrairieLearn/exampleCourse/questions/addVectors/server.js
FN:1,(anonymous_0)
FN:2,(anonymous_1)
FN:6,(anonymous_2)
FN:47,(anonymous_3)
FNF:4
FNH:4
FNDA:27,(anonymous_0)
FNDA:27,(anonymous_1)
FNDA:16,(anonymous_2)
FNDA:11,(anonymous_3)
DA:1,27
DA:2,27
DA:4,27
DA:6,27
DA:7,16
DA:10,16
DA:11,16
DA:12,16
DA:13,16
DA:14,16
DA:22,16
DA:23,16
DA:24,16
DA:31,16
DA:37,16
DA:42,16
DA:47,27
DA:48,11
DA:49,11
DA:50,11
DA:51,4
DA:52,4
DA:54,11
DA:55,4
DA:56,4
DA:58,11
DA:61,27
LF:27
LH:27
BRDA:50,0,0,4
BRDA:50,0,1,7
BRDA:54,1,0,4
BRDA:54,1,1,7
BRF:4
BRH:4
end_of_record
TN:
SF:/Users/fengyichen/pldev/newfolder/PrairieLearn/exampleCourse/questions/partialCredit4_v2/server.js
FN:1,(anonymous_0)
FN:2,(anonymous_1)
FN:6,(anonymous_2)
FN:47,(anonymous_3)
FNF:4
FNH:4
FNDA:4,(anonymous_0)
FNDA:4,(anonymous_1)
FNDA:2,(anonymous_2)
FNDA:2,(anonymous_3)
DA:1,4
DA:2,4
DA:4,4
DA:6,4
DA:7,2
DA:10,2
DA:11,2
DA:12,2
DA:13,2
DA:14,2
DA:22,2
DA:23,2
DA:24,2
DA:31,2
DA:37,2
DA:42,2
DA:47,4
DA:48,2
DA:49,2
DA:50,2
DA:53,4
LF:21
LH:21
BRF:0
BRH:0
end_of_record
TN:
SF:/Users/fengyichen/pldev/newfolder/PrairieLearn/exampleCourse/questions/partialCredit5_v2_partial/server.js
FN:1,(anonymous_0)
FN:2,(anonymous_1)
FN:6,(anonymous_2)
FN:47,(anonymous_3)
FNF:4
FNH:4
FNDA:4,(anonymous_0)
FNDA:4,(anonymous_1)
FNDA:2,(anonymous_2)
FNDA:2,(anonymous_3)
DA:1,4
DA:2,4
DA:4,4
DA:6,4
DA:7,2
DA:10,2
DA:11,2
DA:12,2
DA:13,2
DA:14,2
DA:22,2
DA:23,2
DA:24,2
DA:31,2
DA:37,2
DA:42,2
DA:47,4
DA:48,2
DA:49,2
DA:50,2
DA:53,4
LF:21
LH:21
BRF:0
BRH:0
end_of_record
TN:
SF:/Users/fengyichen/pldev/newfolder/PrairieLearn/lib/assessment.js
FN:61,(anonymous_0)
FN:66,(anonymous_1)
FN:75,(anonymous_2)
FN:83,(anonymous_3)
FN:84,(anonymous_4)
FN:88,(anonymous_5)
FN:95,(anonymous_6)
FN:100,(anonymous_7)
FN:105,(anonymous_8)
FN:106,(anonymous_9)
FN:110,(anonymous_10)
FN:115,(anonymous_11)
FN:122,(anonymous_12)
FN:127,(anonymous_13)
FN:140,(anonymous_14)
FN:145,(anonymous_15)
FN:146,(anonymous_16)
FN:169,(anonymous_17)
FN:173,(anonymous_18)
FN:174,(anonymous_19)
FN:180,(anonymous_20)
FN:185,(anonymous_21)
FN:192,(anonymous_22)
FN:202,(anonymous_23)
FN:208,(anonymous_24)
FN:209,(anonymous_25)
FN:235,(anonymous_26)
FN:236,(anonymous_27)
FN:243,(anonymous_28)
FN:244,(anonymous_29)
FN:247,(anonymous_30)
FN:254,(anonymous_31)
FN:260,(anonymous_32)
FN:262,(anonymous_33)
FN:267,(anonymous_34)
FN:285,(anonymous_35)
FN:288,(anonymous_36)
FN:289,(anonymous_37)
FN:295,(anonymous_38)
FN:296,(anonymous_39)
FN:303,(anonymous_40)
FN:304,(anonymous_41)
FN:309,(anonymous_42)
FN:329,(anonymous_43)
FN:350,(anonymous_44)
FN:355,(anonymous_45)
FN:356,(anonymous_46)
FNF:47
FNH:21
FNDA:13,(anonymous_0)
FNDA:13,(anonymous_1)
FNDA:13,(anonymous_2)
FNDA:13,(anonymous_3)
FNDA:42,(anonymous_4)
FNDA:42,(anonymous_5)
FNDA:13,(anonymous_6)
FNDA:13,(anonymous_7)
FNDA:0,(anonymous_8)
FNDA:0,(anonymous_9)
FNDA:0,(anonymous_10)
FNDA:13,(anonymous_11)
FNDA:0,(anonymous_12)
FNDA:13,(anonymous_13)
FNDA:0,(anonymous_14)
FNDA:13,(anonymous_15)
FNDA:13,(anonymous_16)
FNDA:12,(anonymous_17)
FNDA:12,(anonymous_18)
FNDA:12,(anonymous_19)
FNDA:12,(anonymous_20)
FNDA:12,(anonymous_21)
FNDA:12,(anonymous_22)
FNDA:6,(anonymous_23)
FNDA:12,(anonymous_24)
FNDA:12,(anonymous_25)
FNDA:0,(anonymous_26)
FNDA:0,(anonymous_27)
FNDA:0,(anonymous_28)
FNDA:0,(anonymous_29)
FNDA:0,(anonymous_30)
FNDA:0,(anonymous_31)
FNDA:0,(anonymous_32)
FNDA:0,(anonymous_33)
FNDA:0,(anonymous_34)
FNDA:0,(anonymous_35)
FNDA:0,(anonymous_36)
FNDA:0,(anonymous_37)
FNDA:0,(anonymous_38)
FNDA:0,(anonymous_39)
FNDA:0,(anonymous_40)
FNDA:0,(anonymous_41)
FNDA:0,(anonymous_42)
FNDA:0,(anonymous_43)
FNDA:0,(anonymous_44)
FNDA:0,(anonymous_45)
FNDA:0,(anonymous_46)
DA:1,1
DA:2,1
DA:3,1
DA:4,1
DA:5,1
DA:6,1
DA:8,1
DA:9,1
DA:10,1
DA:11,1
DA:12,1
DA:13,1
DA:20,1
DA:30,27
DA:32,15
DA:38,15
DA:39,15
DA:41,0
DA:43,15
DA:59,13
DA:61,13
DA:62,13
DA:65,13
DA:67,13
DA:75,13
DA:76,13
DA:77,13
DA:79,13
DA:80,13
DA:84,13
DA:85,42
DA:86,42
DA:87,42
DA:88,42
DA:89,42
DA:90,42
DA:91,0
DA:93,42
DA:96,13
DA:97,13
DA:101,13
DA:105,0
DA:106,0
DA:107,0
DA:108,0
DA:111,0
DA:112,0
DA:116,13
DA:118,0
DA:122,0
DA:123,0
DA:124,0
DA:128,13
DA:130,0
DA:140,0
DA:141,0
DA:142,0
DA:146,13
DA:147,13
DA:148,13
DA:150,0
DA:152,13
DA:167,12
DA:169,12
DA:170,12
DA:171,12
DA:172,12
DA:174,12
DA:175,12
DA:176,12
DA:177,12
DA:181,12
DA:185,12
DA:186,12
DA:187,12
DA:188,12
DA:189,12
DA:193,12
DA:196,6
DA:202,6
DA:203,6
DA:204,6
DA:205,6
DA:209,12
DA:210,12
DA:211,12
DA:212,12
DA:229,0
DA:233,0
DA:234,0
DA:236,0
DA:237,0
DA:238,0
DA:239,0
DA:240,0
DA:244,0
DA:245,0
DA:246,0
DA:247,0
DA:248,0
DA:249,0
DA:250,0
DA:252,0
DA:255,0
DA:256,0
DA:257,0
DA:261,0
DA:262,0
DA:263,0
DA:264,0
DA:268,0
DA:269,0
DA:270,0
DA:283,0
DA:285,0
DA:286,0
DA:287,0
DA:289,0
DA:290,0
DA:291,0
DA:292,0
DA:296,0
DA:297,0
DA:298,0
DA:299,0
DA:300,0
DA:304,0
DA:305,0
DA:306,0
DA:307,0
DA:309,0
DA:310,0
DA:311,0
DA:315,0
DA:328,0
DA:330,0
DA:331,0
DA:333,0
DA:334,0
DA:336,0
DA:337,0
DA:339,0
DA:340,0
DA:342,0
DA:350,0
DA:351,0
DA:352,0
DA:356,0
DA:358,0
DA:361,0
LF:150
LH:70
BRDA:30,0,0,12
BRDA:30,0,1,15
BRDA:62,1,0,0
BRDA:62,1,1,13
BRDA:76,2,0,0
BRDA:76,2,1,13
BRDA:89,3,0,0
BRDA:89,3,1,42
BRDA:90,4,0,0
BRDA:90,4,1,42
BRDA:96,5,0,0
BRDA:96,5,1,13
BRDA:101,6,0,13
BRDA:101,6,1,0
BRDA:107,7,0,0
BRDA:107,7,1,0
BRDA:111,8,0,0
BRDA:111,8,1,0
BRDA:116,9,0,13
BRDA:116,9,1,0
BRDA:123,10,0,0
BRDA:123,10,1,0
BRDA:128,11,0,13
BRDA:128,11,1,0
BRDA:141,12,0,0
BRDA:141,12,1,0
BRDA:147,13,0,0
BRDA:147,13,1,13
BRDA:148,14,0,0
BRDA:148,14,1,13
BRDA:170,15,0,0
BRDA:170,15,1,12
BRDA:175,16,0,0
BRDA:175,16,1,12
BRDA:186,17,0,0
BRDA:186,17,1,12
BRDA:193,18,0,6
BRDA:193,18,1,6
BRDA:203,19,0,0
BRDA:203,19,1,6
BRDA:210,20,0,0
BRDA:210,20,1,12
BRDA:237,21,0,0
BRDA:237,21,1,0
BRDA:248,22,0,0
BRDA:248,22,1,0
BRDA:249,23,0,0
BRDA:249,23,1,0
BRDA:255,24,0,0
BRDA:255,24,1,0
BRDA:261,25,0,0
BRDA:261,25,1,0
BRDA:263,26,0,0
BRDA:263,26,1,0
BRDA:268,27,0,0
BRDA:268,27,1,0
BRDA:286,28,0,0
BRDA:286,28,1,0
BRDA:290,29,0,0
BRDA:290,29,1,0
BRDA:297,30,0,0
BRDA:297,30,1,0
BRDA:305,31,0,0
BRDA:305,31,1,0
BRDA:307,32,0,0
BRDA:307,32,1,0
BRDA:310,33,0,0
BRDA:310,33,1,0
BRDA:330,34,0,0
BRDA:330,34,1,0
BRDA:333,35,0,0
BRDA:333,35,1,0
BRDA:336,36,0,0
BRDA:336,36,1,0
BRDA:336,37,0,0
BRDA:336,37,1,0
BRDA:339,38,0,0
BRDA:339,38,1,0
BRDA:339,39,0,0
BRDA:339,39,1,0
BRDA:351,40,0,0
BRDA:351,40,1,0
BRDA:356,41,0,0
BRDA:356,41,1,0
BRF:84
BRH:19
end_of_record
TN:
SF:/Users/fengyichen/pldev/newfolder/PrairieLearn/lib/code-caller.js
FN:15,(anonymous_0)
FN:94,(anonymous_1)
FN:114,(anonymous_2)
FN:152,(anonymous_3)
FN:166,(anonymous_4)
FN:195,(anonymous_5)
FN:205,(anonymous_6)
FN:215,(anonymous_7)
FN:227,(anonymous_8)
FN:247,(anonymous_9)
FN:268,(anonymous_10)
FN:279,(anonymous_11)
FN:286,(anonymous_12)
FN:295,(anonymous_13)
FN:320,(anonymous_14)
FN:336,(anonymous_15)
FN:343,(anonymous_16)
FNF:17
FNH:13
FNDA:1279,(anonymous_0)
FNDA:743,(anonymous_1)
FNDA:3574,(anonymous_2)
FNDA:743,(anonymous_3)
FNDA:734,(anonymous_4)
FNDA:2,(anonymous_5)
FNDA:0,(anonymous_6)
FNDA:3577,(anonymous_7)
FNDA:734,(anonymous_8)
FNDA:0,(anonymous_9)
FNDA:0,(anonymous_10)
FNDA:3574,(anonymous_11)
FNDA:3574,(anonymous_12)
FNDA:3572,(anonymous_13)
FNDA:1281,(anonymous_14)
FNDA:0,(anonymous_15)
FNDA:18730,(anonymous_16)
DA:1,1
DA:2,1
DA:3,1
DA:4,1
DA:6,1
DA:8,1
DA:9,1
DA:10,1
DA:11,1
DA:12,1
DA:16,1279
DA:17,1279
DA:95,743
DA:96,743
DA:97,743
DA:98,743
DA:101,743
DA:102,743
DA:103,743
DA:104,743
DA:107,743
DA:109,743
DA:110,743
DA:111,743
DA:115,3574
DA:116,3574
DA:117,3574
DA:119,3574
DA:120,734
DA:123,3574
DA:128,3574
DA:133,3574
DA:134,3574
DA:135,3574
DA:137,3574
DA:138,3574
DA:139,3574
DA:140,3574
DA:142,3574
DA:144,3574
DA:145,3574
DA:147,3574
DA:148,3574
DA:149,3574
DA:153,743
DA:154,743
DA:156,743
DA:157,9
DA:158,734
DA:159,732
DA:160,732
DA:162,743
DA:163,743
DA:167,734
DA:168,734
DA:170,734
DA:171,734
DA:172,734
DA:173,734
DA:177,734
DA:179,734
DA:180,734
DA:181,734
DA:183,734
DA:184,734
DA:185,734
DA:187,734
DA:188,734
DA:190,734
DA:191,734
DA:192,734
DA:196,2
DA:197,2
DA:198,2
DA:199,2
DA:200,2
DA:202,2
DA:206,0
DA:207,0
DA:208,0
DA:209,0
DA:210,0
DA:212,0
DA:216,3577
DA:217,3577
DA:218,3577
DA:219,3577
DA:220,3577
DA:221,3572
DA:224,3577
DA:228,734
DA:229,734
DA:230,734
DA:231,0
DA:232,0
DA:233,0
DA:234,734
DA:235,2
DA:236,2
DA:237,2
DA:238,2
DA:239,732
DA:241,732
DA:242,732
DA:244,734
DA:248,0
DA:249,0
DA:250,0
DA:251,0
DA:252,0
DA:253,0
DA:254,0
DA:255,0
DA:256,0
DA:257,0
DA:258,0
DA:259,0
DA:260,0
DA:261,0
DA:262,0
DA:264,0
DA:265,0
DA:269,0
DA:270,0
DA:271,0
DA:272,0
DA:273,0
DA:274,0
DA:275,0
DA:276,0
DA:280,3574
DA:281,3574
DA:282,3574
DA:283,3574
DA:287,3574
DA:288,3574
DA:289,3574
DA:290,3574
DA:291,3574
DA:292,3574
DA:296,3572
DA:297,3572
DA:298,3572
DA:299,3572
DA:300,3572
DA:301,3572
DA:303,0
DA:305,3572
DA:306,0
DA:307,0
DA:308,0
DA:310,3572
DA:311,3572
DA:312,2293
DA:314,1279
DA:317,3572
DA:321,1281
DA:322,1281
DA:337,0
DA:338,0
DA:339,0
DA:340,0
DA:344,18730
DA:345,0
DA:346,0
DA:350,18730
DA:351,2220
DA:352,2220
DA:353,2220
DA:354,16510
DA:355,4306
DA:356,4306
DA:357,4306
DA:358,12204
DA:359,10727
DA:360,10727
DA:361,10727
DA:362,1477
DA:363,1464
DA:364,1464
DA:365,1464
DA:366,13
DA:367,13
DA:368,13
DA:369,13
DA:371,0
DA:374,18730
DA:375,18730
DA:376,18730
DA:378,18730
DA:379,18730
DA:380,18730
DA:382,18730
DA:383,18730
DA:384,18730
DA:387,18730
DA:391,1
DA:392,1
LF:198
LH:153
BRDA:116,0,0,0
BRDA:116,0,1,3574
BRDA:117,1,0,0
BRDA:117,1,1,3574
BRDA:119,2,0,734
BRDA:119,2,1,2840
BRDA:156,3,0,9
BRDA:156,3,1,734
BRDA:158,4,0,732
BRDA:158,4,1,2
BRDA:198,5,0,2
BRDA:198,5,1,0
BRDA:208,6,0,0
BRDA:208,6,1,0
BRDA:218,7,0,3577
BRDA:218,7,1,0
BRDA:220,8,0,3572
BRDA:220,8,1,5
BRDA:230,9,0,0
BRDA:230,9,1,734
BRDA:234,10,0,2
BRDA:234,10,1,732
BRDA:239,11,0,732
BRDA:239,11,1,0
BRDA:250,12,0,0
BRDA:250,12,1,0
BRDA:254,13,0,0
BRDA:254,13,1,0
BRDA:261,14,0,0
BRDA:261,14,1,0
BRDA:288,15,0,1281
BRDA:288,15,1,2293
BRDA:297,16,0,0
BRDA:297,16,1,3572
BRDA:305,17,0,0
BRDA:305,17,1,3572
BRDA:311,18,0,2293
BRDA:311,18,1,1279
BRDA:344,19,0,0
BRDA:344,19,1,18730
BRDA:344,20,0,18730
BRDA:344,20,1,12936
BRDA:350,21,0,2220
BRDA:350,21,1,16510
BRDA:354,22,0,4306
BRDA:354,22,1,12204
BRDA:358,23,0,10727
BRDA:358,23,1,1477
BRDA:362,24,0,1464
BRDA:362,24,1,13
BRDA:366,25,0,13
BRDA:366,25,1,0
BRDA:374,26,0,18730
BRDA:374,26,1,0
BRDA:375,27,0,0
BRDA:375,27,1,18730
BRDA:375,28,0,18730
BRDA:375,28,1,2233
BRDA:376,29,0,0
BRDA:376,29,1,18730
BRDA:376,30,0,18730
BRDA:376,30,1,16497
BRDA:378,31,0,18730
BRDA:378,31,1,0
BRDA:379,32,0,0
BRDA:379,32,1,18730
BRDA:379,33,0,18730
BRDA:379,33,1,8003
BRDA:380,34,0,0
BRDA:380,34,1,18730
BRDA:380,35,0,18730
BRDA:380,35,1,10727
BRDA:382,36,0,18730
BRDA:382,36,1,0
BRDA:383,37,0,0
BRDA:383,37,1,18730
BRDA:383,38,0,18730
BRDA:383,38,1,8003
BRDA:384,39,0,0
BRDA:384,39,1,18730
BRDA:384,40,0,18730
BRDA:384,40,1,10727
BRF:82
BRH:55
end_of_record
TN:
SF:/Users/fengyichen/pldev/newfolder/PrairieLearn/lib/config.js
FN:115,(anonymous_0)
FNF:1
FNH:0
FNDA:0,(anonymous_0)
DA:1,1
DA:2,1
DA:3,1
DA:4,1
DA:6,1
DA:9,1
DA:10,1
DA:11,1
DA:12,1
DA:13,1
DA:14,1
DA:15,1
DA:16,1
DA:17,1
DA:18,1
DA:19,1
DA:20,1
DA:21,1
DA:22,1
DA:23,1
DA:24,1
DA:25,1
DA:26,1
DA:27,1
DA:28,1
DA:29,1
DA:30,1
DA:31,1
DA:32,1
DA:33,1
DA:34,1
DA:35,1
DA:37,1
DA:113,1
DA:115,1
DA:116,0
DA:117,0
DA:118,0
DA:120,0
LF:39
LH:35
BRDA:116,0,0,0
BRDA:116,0,1,0
BRF:2
BRH:0
end_of_record
TN:
SF:/Users/fengyichen/pldev/newfolder/PrairieLearn/lib/course-db.js
FN:49,(anonymous_0)
FN:51,(anonymous_1)
FN:63,(anonymous_2)
FN:71,(anonymous_3)
FN:83,(anonymous_4)
FN:102,(anonymous_5)
FN:109,(anonymous_6)
FN:120,(anonymous_7)
FN:122,(anonymous_8)
FN:125,(anonymous_9)
FN:128,(anonymous_10)
FN:132,(anonymous_11)
FN:134,(anonymous_12)
FN:136,(anonymous_13)
FN:150,(anonymous_14)
FN:159,(anonymous_15)
FN:174,(anonymous_16)
FN:175,(anonymous_17)
FN:180,(anonymous_18)
FN:181,(anonymous_19)
FN:186,(anonymous_20)
FN:188,(anonymous_21)
FN:191,(anonymous_22)
FN:195,(anonymous_23)
FNF:24
FNH:23
FNDA:18,(anonymous_0)
FNDA:18,(anonymous_1)
FNDA:126,(anonymous_2)
FNDA:468,(anonymous_3)
FNDA:468,(anonymous_4)
FNDA:0,(anonymous_5)
FNDA:954,(anonymous_6)
FNDA:54,(anonymous_7)
FNDA:54,(anonymous_8)
FNDA:468,(anonymous_9)
FNDA:468,(anonymous_10)
FNDA:54,(anonymous_11)
FNDA:468,(anonymous_12)
FNDA:468,(anonymous_13)
FNDA:54,(anonymous_14)
FNDA:18,(anonymous_15)
FNDA:18,(anonymous_16)
FNDA:18,(anonymous_17)
FNDA:18,(anonymous_18)
FNDA:18,(anonymous_19)
FNDA:18,(anonymous_20)
FNDA:18,(anonymous_21)
FNDA:18,(anonymous_22)
FNDA:18,(anonymous_23)
DA:1,1
DA:2,1
DA:3,1
DA:4,1
DA:5,1
DA:6,1
DA:8,1
DA:18,1
DA:47,1
DA:49,1
DA:50,18
DA:51,18
DA:52,18
DA:53,18
DA:54,18
DA:55,18
DA:56,18
DA:57,18
DA:58,18
DA:59,18
DA:60,18
DA:61,18
DA:62,18
DA:63,18
DA:64,126
DA:65,0
DA:67,126
DA:70,18
DA:71,18
DA:72,468
DA:73,0
DA:75,468
DA:78,18
DA:79,18
DA:83,1
DA:85,468
DA:86,468
DA:87,468
DA:90,468
DA:91,90
DA:92,0
DA:97,468
DA:98,360
DA:99,0
DA:101,360
DA:102,0
DA:103,0
DA:104,0
DA:108,360
DA:109,360
DA:110,954
DA:111,0
DA:117,468
DA:120,1
DA:121,54
DA:122,54
DA:123,54
DA:125,54
DA:127,468
DA:128,468
DA:129,468
DA:130,468
DA:133,54
DA:134,54
DA:135,468
DA:136,468
DA:137,468
DA:138,468
DA:139,468
DA:140,468
DA:141,468
DA:142,468
DA:143,0
DA:144,0
DA:146,468
DA:147,468
DA:148,468
DA:151,54
DA:152,54
DA:153,54
DA:159,1
DA:160,18
DA:161,18
DA:166,18
DA:170,18
DA:171,18
DA:172,18
DA:175,18
DA:176,18
DA:177,18
DA:181,18
DA:182,18
DA:183,18
DA:187,18
DA:188,18
DA:189,18
DA:190,18
DA:191,18
DA:192,18
DA:193,18
DA:196,18
DA:197,18
LF:102
LH:92
BRDA:52,0,0,0
BRDA:52,0,1,18
BRDA:62,1,0,18
BRDA:62,1,1,0
BRDA:64,2,0,0
BRDA:64,2,1,126
BRDA:70,3,0,18
BRDA:70,3,1,0
BRDA:72,4,0,0
BRDA:72,4,1,468
BRDA:90,5,0,90
BRDA:90,5,1,378
BRDA:91,6,0,0
BRDA:91,6,1,90
BRDA:91,7,0,90
BRDA:91,7,1,90
BRDA:97,8,0,360
BRDA:97,8,1,108
BRDA:98,9,0,0
BRDA:98,9,1,360
BRDA:98,10,0,360
BRDA:98,10,1,360
BRDA:101,11,0,0
BRDA:101,11,1,360
BRDA:103,12,0,0
BRDA:103,12,1,0
BRDA:108,13,0,360
BRDA:108,13,1,0
BRDA:110,14,0,0
BRDA:110,14,1,954
BRDA:110,15,0,954
BRDA:110,15,1,954
BRDA:123,16,0,0
BRDA:123,16,1,54
BRDA:129,17,0,0
BRDA:129,17,1,468
BRDA:133,18,0,0
BRDA:133,18,1,54
BRDA:137,19,0,0
BRDA:137,19,1,468
BRDA:141,20,0,0
BRDA:141,20,1,468
BRDA:142,21,0,0
BRDA:142,21,1,468
BRDA:151,22,0,0
BRDA:151,22,1,54
BRDA:176,23,0,0
BRDA:176,23,1,18
BRDA:182,24,0,0
BRDA:182,24,1,18
BRDA:187,25,0,0
BRDA:187,25,1,18
BRDA:192,26,0,0
BRDA:192,26,1,18
BRDA:196,27,0,0
BRDA:196,27,1,18
BRF:56
BRH:32
end_of_record
TN:
SF:/Users/fengyichen/pldev/newfolder/PrairieLearn/lib/csrf.js
FN:5,(anonymous_0)
FN:15,(anonymous_1)
FN:55,(anonymous_2)
FNF:3
FNH:3
FNDA:626,(anonymous_0)
FNDA:190,(anonymous_1)
FNDA:190,(anonymous_2)
DA:1,1
DA:2,1
DA:4,1
DA:6,626
DA:7,626
DA:8,626
DA:9,626
DA:10,626
DA:11,626
DA:12,626
DA:16,190
DA:17,190
DA:20,190
DA:21,190
DA:22,190
DA:23,190
DA:24,190
DA:27,190
DA:28,190
DA:29,190
DA:32,190
DA:34,0
DA:35,0
DA:37,0
DA:39,0
DA:40,0
DA:41,0
DA:46,190
DA:47,190
DA:48,190
DA:50,0
DA:52,190
DA:56,190
DA:57,190
DA:58,190
DA:59,190
LF:36
LH:29
BRDA:16,0,0,0
BRDA:16,0,1,190
BRDA:17,1,0,190
BRDA:17,1,1,190
BRDA:21,2,0,0
BRDA:21,2,1,190
BRDA:29,3,0,0
BRDA:29,3,1,190
BRDA:32,4,0,0
BRDA:32,4,1,190
BRDA:39,5,0,0
BRDA:39,5,1,0
BRDA:41,6,0,0
BRDA:41,6,1,0
BRDA:57,7,0,0
BRDA:57,7,1,190
BRDA:58,8,0,0
BRDA:58,8,1,190
BRF:18
BRH:8
end_of_record
TN:
SF:/Users/fengyichen/pldev/newfolder/PrairieLearn/lib/csv-maker.js
FN:32,(anonymous_0)
FN:33,(anonymous_1)
FN:34,(anonymous_2)
FN:35,(anonymous_3)
FN:35,(anonymous_4)
FN:37,(anonymous_5)
FNF:6
FNH:0
FNDA:0,(anonymous_0)
FNDA:0,(anonymous_1)
FNDA:0,(anonymous_2)
FNDA:0,(anonymous_3)
FNDA:0,(anonymous_4)
FNDA:0,(anonymous_5)
DA:1,1
DA:2,1
DA:3,1
DA:5,1
DA:32,1
DA:33,0
DA:34,0
DA:35,0
DA:36,0
DA:37,0
DA:38,0
DA:39,0
LF:12
LH:5
BRDA:38,0,0,0
BRDA:38,0,1,0
BRF:2
BRH:0
end_of_record
TN:
SF:/Users/fengyichen/pldev/newfolder/PrairieLearn/lib/data-files.js
FN:26,(anonymous_0)
FN:33,(anonymous_1)
FN:36,(anonymous_2)
FN:43,(anonymous_3)
FN:45,(anonymous_4)
FN:48,(anonymous_5)
FN:51,(anonymous_6)
FN:57,(anonymous_7)
FN:58,(anonymous_8)
FN:60,(anonymous_9)
FNF:10
FNH:0
FNDA:0,(anonymous_0)
FNDA:0,(anonymous_1)
FNDA:0,(anonymous_2)
FNDA:0,(anonymous_3)
FNDA:0,(anonymous_4)
FNDA:0,(anonymous_5)
FNDA:0,(anonymous_6)
FNDA:0,(anonymous_7)
FNDA:0,(anonymous_8)
FNDA:0,(anonymous_9)
DA:1,1
DA:2,1
DA:3,1
DA:5,1
DA:26,1
DA:27,0
DA:28,0
DA:29,0
DA:30,0
DA:31,0
DA:33,0
DA:34,0
DA:35,0
DA:37,0
DA:38,0
DA:39,0
DA:43,1
DA:44,0
DA:45,0
DA:46,0
DA:48,0
DA:49,0
DA:51,0
DA:52,0
DA:53,0
DA:57,1
DA:58,0
DA:59,0
DA:60,0
DA:61,0
DA:62,0
LF:31
LH:7
BRDA:29,0,0,0
BRDA:29,0,1,0
BRDA:37,1,0,0
BRDA:37,1,1,0
BRDA:59,2,0,0
BRDA:59,2,1,0
BRDA:61,3,0,0
BRDA:61,3,1,0
BRF:8
BRH:0
end_of_record
TN:
SF:/Users/fengyichen/pldev/newfolder/PrairieLearn/lib/databaseDescribe.js
FN:28,(anonymous_0)
FN:43,(anonymous_1)
FN:51,(anonymous_2)
FN:60,(anonymous_3)
FN:63,(anonymous_4)
FN:68,(anonymous_5)
FN:70,(anonymous_6)
FN:76,(anonymous_7)
FN:81,(anonymous_8)
FN:83,(anonymous_9)
FN:89,(anonymous_10)
FN:93,(anonymous_11)
FN:96,(anonymous_12)
FN:106,(anonymous_13)
FN:108,(anonymous_14)
FN:110,(anonymous_15)
FN:114,(anonymous_16)
FN:117,(anonymous_17)
FN:128,(anonymous_18)
FN:145,(anonymous_19)
FN:149,(anonymous_20)
FN:161,(anonymous_21)
FN:172,(anonymous_22)
FN:176,(anonymous_23)
FN:188,(anonymous_24)
FN:199,(anonymous_25)
FN:203,(anonymous_26)
FN:209,(anonymous_27)
FN:223,(anonymous_28)
FN:234,(anonymous_29)
FN:238,(anonymous_30)
FN:243,(anonymous_31)
FN:245,(anonymous_32)
FN:251,(anonymous_33)
FN:260,(anonymous_34)
FN:272,(anonymous_35)
FN:275,(anonymous_36)
FN:276,(anonymous_37)
FN:280,(anonymous_38)
FN:281,(anonymous_39)
FN:286,(anonymous_40)
FNF:41
FNH:34
FNDA:1,(anonymous_0)
FNDA:1580,(anonymous_1)
FNDA:1,(anonymous_2)
FNDA:0,(anonymous_3)
FNDA:1,(anonymous_4)
FNDA:1,(anonymous_5)
FNDA:1,(anonymous_6)
FNDA:0,(anonymous_7)
FNDA:39,(anonymous_8)
FNDA:0,(anonymous_9)
FNDA:1,(anonymous_10)
FNDA:0,(anonymous_11)
FNDA:0,(anonymous_12)
FNDA:1,(anonymous_13)
FNDA:39,(anonymous_14)
FNDA:39,(anonymous_15)
FNDA:39,(anonymous_16)
FNDA:384,(anonymous_17)
FNDA:384,(anonymous_18)
FNDA:39,(anonymous_19)
FNDA:39,(anonymous_20)
FNDA:100,(anonymous_21)
FNDA:39,(anonymous_22)
FNDA:39,(anonymous_23)
FNDA:72,(anonymous_24)
FNDA:39,(anonymous_25)
FNDA:39,(anonymous_26)
FNDA:0,(anonymous_27)
FNDA:72,(anonymous_28)
FNDA:39,(anonymous_29)
FNDA:1,(anonymous_30)
FNDA:1,(anonymous_31)
FNDA:1,(anonymous_32)
FNDA:0,(anonymous_33)
FNDA:9,(anonymous_34)
FNDA:1,(anonymous_35)
FNDA:39,(anonymous_36)
FNDA:9,(anonymous_37)
FNDA:1,(anonymous_38)
FNDA:1,(anonymous_39)
FNDA:1,(anonymous_40)
DA:1,1
DA:2,1
DA:3,1
DA:4,1
DA:5,1
DA:7,1
DA:8,1
DA:9,1
DA:11,1
DA:28,1
DA:29,1
DA:30,1
DA:31,1
DA:32,0
DA:36,1
DA:38,1
DA:43,1
DA:44,1580
DA:45,0
DA:47,1580
DA:50,1
DA:53,1
DA:60,1
DA:61,0
DA:63,1
DA:64,1
DA:65,1
DA:70,1
DA:71,1
DA:72,1
DA:75,1
DA:76,0
DA:80,1
DA:81,39
DA:83,0
DA:86,1
DA:92,1
DA:93,0
DA:94,0
DA:96,0
DA:97,0
DA:98,0
DA:99,0
DA:100,0
DA:101,0
DA:104,1
DA:108,1
DA:109,39
DA:111,39
DA:114,39
DA:115,39
DA:117,39
DA:118,384
DA:121,39
DA:122,0
DA:126,39
DA:127,39
DA:128,39
DA:129,384
DA:130,384
DA:131,384
DA:132,89
DA:134,384
DA:135,97
DA:137,384
DA:140,0
DA:142,39
DA:146,39
DA:149,39
DA:150,39
DA:152,39
DA:153,0
DA:156,39
DA:157,39
DA:158,39
DA:160,39
DA:161,39
DA:162,100
DA:163,100
DA:164,100
DA:167,0
DA:169,39
DA:173,39
DA:176,39
DA:177,39
DA:179,39
DA:180,8
DA:183,31
DA:184,31
DA:185,31
DA:187,31
DA:188,31
DA:189,72
DA:190,72
DA:191,72
DA:194,0
DA:196,31
DA:200,39
DA:203,39
DA:204,39
DA:207,39
DA:208,39
DA:209,0
DA:210,0
DA:214,39
DA:215,19
DA:218,20
DA:219,20
DA:220,20
DA:222,20
DA:223,20
DA:224,72
DA:225,72
DA:226,72
DA:229,0
DA:231,20
DA:235,39
DA:236,39
DA:239,1
DA:240,1
DA:245,1
DA:246,1
DA:249,1
DA:250,1
DA:251,0
DA:252,0
DA:256,1
DA:257,0
DA:260,1
DA:261,9
DA:262,9
DA:263,9
DA:265,0
DA:269,1
DA:274,1
DA:275,39
DA:276,9
DA:278,1
DA:281,1
DA:282,1
DA:283,1
DA:287,1
DA:288,1
LF:143
LH:118
BRDA:29,0,0,0
BRDA:29,0,1,1
BRDA:30,1,0,0
BRDA:30,1,1,1
BRDA:31,2,0,0
BRDA:31,2,1,1
BRDA:31,3,0,1
BRDA:31,3,1,1
BRDA:31,4,0,1
BRDA:31,4,1,0
BRDA:44,5,0,0
BRDA:44,5,1,1580
BRDA:54,6,0,1
BRDA:54,6,1,1
BRDA:56,7,0,1
BRDA:56,7,1,1
BRDA:64,8,0,0
BRDA:64,8,1,1
BRDA:71,9,0,0
BRDA:71,9,1,1
BRDA:75,10,0,0
BRDA:75,10,1,1
BRDA:75,11,0,1
BRDA:75,11,1,0
BRDA:80,12,0,1
BRDA:80,12,1,0
BRDA:92,13,0,0
BRDA:92,13,1,1
BRDA:92,14,0,1
BRDA:92,14,1,0
BRDA:100,15,0,0
BRDA:100,15,1,0
BRDA:115,16,0,0
BRDA:115,16,1,39
BRDA:118,17,0,384
BRDA:118,17,1,384
BRDA:121,18,0,0
BRDA:121,18,1,39
BRDA:126,19,0,39
BRDA:126,19,1,0
BRDA:131,20,0,89
BRDA:131,20,1,295
BRDA:134,21,0,97
BRDA:134,21,1,287
BRDA:150,22,0,0
BRDA:150,22,1,39
BRDA:152,23,0,0
BRDA:152,23,1,39
BRDA:156,24,0,39
BRDA:156,24,1,0
BRDA:157,25,0,39
BRDA:157,25,1,0
BRDA:177,26,0,0
BRDA:177,26,1,39
BRDA:179,27,0,8
BRDA:179,27,1,31
BRDA:183,28,0,31
BRDA:183,28,1,0
BRDA:184,29,0,31
BRDA:184,29,1,0
BRDA:204,30,0,0
BRDA:204,30,1,39
BRDA:208,31,0,0
BRDA:208,31,1,39
BRDA:208,32,0,39
BRDA:208,32,1,0
BRDA:214,33,0,19
BRDA:214,33,1,20
BRDA:218,34,0,20
BRDA:218,34,1,0
BRDA:219,35,0,20
BRDA:219,35,1,0
BRDA:235,36,0,0
BRDA:235,36,1,39
BRDA:239,37,0,0
BRDA:239,37,1,1
BRDA:246,38,0,0
BRDA:246,38,1,1
BRDA:250,39,0,0
BRDA:250,39,1,1
BRDA:250,40,0,1
BRDA:250,40,1,0
BRDA:256,41,0,0
BRDA:256,41,1,1
BRDA:261,42,0,9
BRDA:261,42,1,0
BRDA:274,43,0,1
BRDA:274,43,1,0
BRDA:282,44,0,0
BRDA:282,44,1,1
BRDA:287,45,0,0
BRDA:287,45,1,1
BRF:92
BRH:53
end_of_record
TN:
SF:/Users/fengyichen/pldev/newfolder/PrairieLearn/lib/databaseDiff.js
FN:13,diff
FN:14,formatText
FN:27,(anonymous_2)
FN:28,(anonymous_3)
FN:34,(anonymous_4)
FN:35,(anonymous_5)
FN:41,(anonymous_6)
FN:49,(anonymous_7)
FN:54,(anonymous_8)
FN:59,(anonymous_9)
FN:68,(anonymous_10)
FN:73,(anonymous_11)
FN:78,(anonymous_12)
FN:81,(anonymous_13)
FN:98,(anonymous_14)
FN:113,(anonymous_15)
FN:116,(anonymous_16)
FN:129,(anonymous_17)
FN:135,loadDescriptionFromDisk
FN:142,(anonymous_19)
FN:143,(anonymous_20)
FN:148,(anonymous_21)
FN:149,(anonymous_22)
FN:150,(anonymous_23)
FN:155,(anonymous_24)
FN:160,(anonymous_25)
FN:161,(anonymous_26)
FN:172,(anonymous_27)
FN:173,(anonymous_28)
FN:174,(anonymous_29)
FN:179,(anonymous_30)
FN:184,(anonymous_31)
FN:190,loadDescriptionFromDatabase
FN:200,loadDescription
FN:210,(anonymous_34)
FN:224,(anonymous_35)
FN:238,(anonymous_36)
FN:252,(anonymous_37)
FNF:38
FNH:31
FNDA:1,diff
FNDA:86,formatText
FNDA:1,(anonymous_2)
FNDA:1,(anonymous_3)
FNDA:1,(anonymous_4)
FNDA:1,(anonymous_5)
FNDA:1,(anonymous_6)
FNDA:0,(anonymous_7)
FNDA:0,(anonymous_8)
FNDA:1,(anonymous_9)
FNDA:0,(anonymous_10)
FNDA:0,(anonymous_11)
FNDA:1,(anonymous_12)
FNDA:39,(anonymous_13)
FNDA:56,(anonymous_14)
FNDA:1,(anonymous_15)
FNDA:9,(anonymous_16)
FNDA:1,(anonymous_17)
FNDA:1,loadDescriptionFromDisk
FNDA:1,(anonymous_19)
FNDA:1,(anonymous_20)
FNDA:1,(anonymous_21)
FNDA:39,(anonymous_22)
FNDA:39,(anonymous_23)
FNDA:1,(anonymous_24)
FNDA:1,(anonymous_25)
FNDA:1,(anonymous_26)
FNDA:1,(anonymous_27)
FNDA:9,(anonymous_28)
FNDA:9,(anonymous_29)
FNDA:1,(anonymous_30)
FNDA:1,(anonymous_31)
FNDA:1,loadDescriptionFromDatabase
FNDA:2,loadDescription
FNDA:0,(anonymous_34)
FNDA:0,(anonymous_35)
FNDA:1,(anonymous_36)
FNDA:0,(anonymous_37)
DA:1,1
DA:2,1
DA:3,1
DA:4,1
DA:5,1
DA:6,1
DA:7,1
DA:9,1
DA:11,1
DA:15,86
DA:16,0
DA:18,86
DA:21,1
DA:24,1
DA:26,1
DA:28,1
DA:29,1
DA:30,1
DA:31,1
DA:35,1
DA:36,1
DA:37,1
DA:38,1
DA:43,1
DA:44,1
DA:45,1
DA:47,1
DA:48,0
DA:49,0
DA:52,1
DA:53,0
DA:54,0
DA:57,1
DA:61,1
DA:62,1
DA:64,1
DA:66,1
DA:67,0
DA:68,0
DA:71,1
DA:72,0
DA:73,0
DA:76,1
DA:80,1
DA:81,1
DA:83,39
DA:84,39
DA:86,14
DA:87,14
DA:90,14
DA:91,42
DA:92,42
DA:93,42
DA:94,42
DA:98,14
DA:99,56
DA:100,14
DA:102,56
DA:103,56
DA:104,56
DA:105,14
DA:107,56
DA:109,14
DA:111,1
DA:115,1
DA:116,1
DA:119,9
DA:120,0
DA:121,0
DA:122,0
DA:123,0
DA:124,0
DA:127,1
DA:130,1
DA:131,1
DA:136,1
DA:141,1
DA:143,1
DA:144,1
DA:145,1
DA:149,1
DA:150,39
DA:151,39
DA:152,39
DA:153,39
DA:156,1
DA:157,1
DA:161,1
DA:162,1
DA:163,0
DA:164,0
DA:166,0
DA:169,1
DA:173,1
DA:174,9
DA:175,9
DA:176,9
DA:177,9
DA:180,1
DA:181,1
DA:185,1
DA:186,1
DA:191,1
DA:197,1
DA:201,2
DA:202,1
DA:203,1
DA:204,1
DA:206,0
DA:210,1
DA:211,0
DA:216,0
DA:221,0
DA:224,1
DA:225,0
DA:230,0
DA:235,0
DA:238,1
DA:239,1
DA:244,1
DA:249,1
DA:252,1
DA:253,0
DA:258,0
DA:263,0
LF:125
LH:98
BRDA:15,0,0,0
BRDA:15,0,1,86
BRDA:15,1,0,86
BRDA:15,1,1,0
BRDA:21,2,0,1
BRDA:21,2,1,0
BRDA:29,3,0,0
BRDA:29,3,1,1
BRDA:36,4,0,0
BRDA:36,4,1,1
BRDA:47,5,0,0
BRDA:47,5,1,1
BRDA:52,6,0,0
BRDA:52,6,1,1
BRDA:66,7,0,0
BRDA:66,7,1,1
BRDA:71,8,0,0
BRDA:71,8,1,1
BRDA:84,9,0,25
BRDA:84,9,1,14
BRDA:92,10,0,42
BRDA:92,10,1,0
BRDA:99,11,0,14
BRDA:99,11,1,42
BRDA:102,12,0,14
BRDA:102,12,1,42
BRDA:102,13,0,14
BRDA:102,13,1,28
BRDA:104,14,0,14
BRDA:104,14,1,42
BRDA:107,15,0,14
BRDA:107,15,1,42
BRDA:107,16,0,14
BRDA:107,16,1,28
BRDA:119,17,0,0
BRDA:119,17,1,9
BRDA:130,18,0,0
BRDA:130,18,1,1
BRDA:144,19,0,0
BRDA:144,19,1,1
BRDA:151,20,0,0
BRDA:151,20,1,39
BRDA:156,21,0,0
BRDA:156,21,1,1
BRDA:162,22,0,0
BRDA:162,22,1,1
BRDA:163,23,0,0
BRDA:163,23,1,0
BRDA:175,24,0,0
BRDA:175,24,1,9
BRDA:180,25,0,0
BRDA:180,25,1,1
BRDA:185,26,0,0
BRDA:185,26,1,1
BRDA:201,27,0,1
BRDA:201,27,1,1
BRDA:203,28,0,1
BRDA:203,28,1,0
BRF:58
BRH:36
end_of_record
TN:
SF:/Users/fengyichen/pldev/newfolder/PrairieLearn/lib/error.js
FN:4,(anonymous_0)
FN:11,(anonymous_1)
FN:17,(anonymous_2)
FN:29,(anonymous_3)
FNF:4
FNH:3
FNDA:15,(anonymous_0)
FNDA:21,(anonymous_1)
FNDA:1,(anonymous_2)
FNDA:0,(anonymous_3)
DA:1,1
DA:3,1
DA:5,15
DA:6,15
DA:7,15
DA:8,15
DA:12,21
DA:13,21
DA:14,21
DA:19,1
DA:20,1
DA:22,0
DA:24,1
DA:25,1
DA:26,1
DA:31,0
DA:32,0
DA:34,0
DA:36,0
DA:37,0
DA:38,0
DA:39,0
DA:40,0
LF:23
LH:14
BRDA:19,0,0,1
BRDA:19,0,1,0
BRDA:24,1,0,1
BRDA:24,1,1,1
BRDA:31,2,0,0
BRDA:31,2,1,0
BRDA:36,3,0,0
BRDA:36,3,1,0
BRDA:37,4,0,0
BRDA:37,4,1,0
BRF:10
BRH:3
end_of_record
TN:
SF:/Users/fengyichen/pldev/newfolder/PrairieLearn/lib/external-grading-socket.js
FN:11,(anonymous_0)
FN:18,(anonymous_1)
FN:19,(anonymous_2)
FN:27,(anonymous_3)
FN:28,(anonymous_4)
FN:34,(anonymous_5)
FN:35,(anonymous_6)
FN:36,(anonymous_7)
FN:41,(anonymous_8)
FN:45,(anonymous_9)
FNF:10
FNH:0
FNDA:0,(anonymous_0)
FNDA:0,(anonymous_1)
FNDA:0,(anonymous_2)
FNDA:0,(anonymous_3)
FNDA:0,(anonymous_4)
FNDA:0,(anonymous_5)
FNDA:0,(anonymous_6)
FNDA:0,(anonymous_7)
FNDA:0,(anonymous_8)
FNDA:0,(anonymous_9)
DA:1,1
DA:2,1
DA:4,1
DA:5,1
DA:6,1
DA:8,1
DA:11,1
DA:12,0
DA:13,0
DA:15,0
DA:18,1
DA:19,0
DA:20,0
DA:21,0
DA:22,0
DA:25,0
DA:27,0
DA:28,0
DA:29,0
DA:34,1
DA:35,0
DA:36,0
DA:37,0
DA:41,1
DA:42,0
DA:45,0
DA:46,0
DA:47,0
LF:28
LH:10
BRDA:20,0,0,0
BRDA:20,0,1,0
BRDA:28,1,0,0
BRDA:28,1,1,0
BRDA:36,2,0,0
BRDA:36,2,1,0
BRDA:46,3,0,0
BRDA:46,3,1,0
BRF:8
BRH:0
end_of_record
TN:
SF:/Users/fengyichen/pldev/newfolder/PrairieLearn/lib/externalGrader.js
FN:16,(anonymous_0)
FN:41,(anonymous_1)
FN:45,(anonymous_2)
FN:60,(anonymous_3)
FN:61,(anonymous_4)
FN:62,(anonymous_5)
FN:66,(anonymous_6)
FN:72,(anonymous_7)
FN:96,(anonymous_8)
FN:97,(anonymous_9)
FN:98,(anonymous_10)
FN:101,(anonymous_11)
FN:107,(anonymous_12)
FN:112,handleGraderError
FN:130,updateJobSubmissionTime
FN:135,(anonymous_15)
FNF:16
FNH:0
FNDA:0,(anonymous_0)
FNDA:0,(anonymous_1)
FNDA:0,(anonymous_2)
FNDA:0,(anonymous_3)
FNDA:0,(anonymous_4)
FNDA:0,(anonymous_5)
FNDA:0,(anonymous_6)
FNDA:0,(anonymous_7)
FNDA:0,(anonymous_8)
FNDA:0,(anonymous_9)
FNDA:0,(anonymous_10)
FNDA:0,(anonymous_11)
FNDA:0,(anonymous_12)
FNDA:0,handleGraderError
FNDA:0,updateJobSubmissionTime
FNDA:0,(anonymous_15)
DA:1,1
DA:2,1
DA:3,1
DA:4,1
DA:6,1
DA:7,1
DA:8,1
DA:9,1
DA:10,1
DA:11,1
DA:12,1
DA:14,1
DA:16,1
DA:17,0
DA:18,0
DA:22,0
DA:23,0
DA:24,0
DA:26,0
DA:29,0
DA:30,0
DA:32,0
DA:35,0
DA:36,0
DA:37,0
DA:41,1
DA:42,0
DA:45,0
DA:46,0
DA:53,0
DA:55,0
DA:56,0
DA:60,1
DA:61,0
DA:62,0
DA:63,0
DA:64,0
DA:67,0
DA:68,0
DA:72,1
DA:73,0
DA:74,0
DA:77,0
DA:89,0
DA:90,0
DA:93,0
DA:95,0
DA:96,0
DA:97,0
DA:98,0
DA:101,0
DA:104,0
DA:105,0
DA:107,0
DA:108,0
DA:113,0
DA:114,0
DA:115,0
DA:127,0
DA:131,0
DA:135,0
DA:136,0
DA:137,0
DA:138,0
LF:64
LH:16
BRDA:18,0,0,0
BRDA:18,0,1,0
BRDA:22,1,0,0
BRDA:22,1,1,0
BRDA:46,2,0,0
BRDA:46,2,1,0
BRDA:63,3,0,0
BRDA:63,3,1,0
BRDA:67,4,0,0
BRDA:67,4,1,0
BRDA:73,5,0,0
BRDA:73,5,1,0
BRDA:98,6,0,0
BRDA:98,6,1,0
BRDA:136,7,0,0
BRDA:136,7,1,0
BRF:16
BRH:0
end_of_record
TN:
SF:/Users/fengyichen/pldev/newfolder/PrairieLearn/lib/externalGraderCommon.js
FN:12,(anonymous_0)
FN:19,(anonymous_1)
FN:21,(anonymous_2)
FN:23,(anonymous_3)
FN:28,(anonymous_4)
FN:29,(anonymous_5)
FN:34,(anonymous_6)
FN:35,(anonymous_7)
FN:40,(anonymous_8)
FN:41,(anonymous_9)
FN:46,(anonymous_10)
FN:47,(anonymous_11)
FN:52,(anonymous_12)
FN:53,(anonymous_13)
FN:58,(anonymous_14)
FN:61,(anonymous_15)
FN:64,(anonymous_16)
FN:68,(anonymous_17)
FN:76,(anonymous_18)
FN:81,(anonymous_19)
FN:86,(anonymous_20)
FN:89,(anonymous_21)
FN:91,(anonymous_22)
FN:101,(anonymous_23)
FN:103,(anonymous_24)
FN:114,(anonymous_25)
FN:122,(anonymous_26)
FN:139,(anonymous_27)
FN:157,(anonymous_28)
FN:204,makeGradingFailureWithMessage
FNF:30
FNH:0
FNDA:0,(anonymous_0)
FNDA:0,(anonymous_1)
FNDA:0,(anonymous_2)
FNDA:0,(anonymous_3)
FNDA:0,(anonymous_4)
FNDA:0,(anonymous_5)
FNDA:0,(anonymous_6)
FNDA:0,(anonymous_7)
FNDA:0,(anonymous_8)
FNDA:0,(anonymous_9)
FNDA:0,(anonymous_10)
FNDA:0,(anonymous_11)
FNDA:0,(anonymous_12)
FNDA:0,(anonymous_13)
FNDA:0,(anonymous_14)
FNDA:0,(anonymous_15)
FNDA:0,(anonymous_16)
FNDA:0,(anonymous_17)
FNDA:0,(anonymous_18)
FNDA:0,(anonymous_19)
FNDA:0,(anonymous_20)
FNDA:0,(anonymous_21)
FNDA:0,(anonymous_22)
FNDA:0,(anonymous_23)
FNDA:0,(anonymous_24)
FNDA:0,(anonymous_25)
FNDA:0,(anonymous_26)
FNDA:0,(anonymous_27)
FNDA:0,(anonymous_28)
FNDA:0,makeGradingFailureWithMessage
DA:1,1
DA:2,1
DA:3,1
DA:4,1
DA:6,1
DA:12,1
DA:13,0
DA:19,1
DA:20,0
DA:23,0
DA:25,0
DA:29,0
DA:30,0
DA:31,0
DA:35,0
DA:36,0
DA:37,0
DA:41,0
DA:42,0
DA:43,0
DA:47,0
DA:48,0
DA:49,0
DA:53,0
DA:54,0
DA:55,0
DA:60,0
DA:61,0
DA:62,0
DA:63,0
DA:64,0
DA:65,0
DA:66,0
DA:69,0
DA:70,0
DA:73,0
DA:79,0
DA:80,0
DA:81,0
DA:82,0
DA:83,0
DA:88,0
DA:89,0
DA:90,0
DA:91,0
DA:92,0
DA:93,0
DA:96,0
DA:97,0
DA:102,0
DA:103,0
DA:104,0
DA:105,0
DA:107,0
DA:108,0
DA:112,0
DA:113,0
DA:115,0
DA:116,0
DA:119,0
DA:124,0
DA:137,0
DA:140,0
DA:141,0
DA:144,0
DA:145,0
DA:157,1
DA:158,0
DA:160,0
DA:161,0
DA:162,0
DA:164,0
DA:168,0
DA:169,0
DA:181,0
DA:182,0
DA:185,0
DA:186,0
DA:187,0
DA:189,0
DA:192,0
DA:205,0
LF:82
LH:8
BRDA:30,0,0,0
BRDA:30,0,1,0
BRDA:36,1,0,0
BRDA:36,1,1,0
BRDA:42,2,0,0
BRDA:42,2,1,0
BRDA:48,3,0,0
BRDA:48,3,1,0
BRDA:54,4,0,0
BRDA:54,4,1,0
BRDA:60,5,0,0
BRDA:60,5,1,0
BRDA:65,6,0,0
BRDA:65,6,1,0
BRDA:69,7,0,0
BRDA:69,7,1,0
BRDA:82,8,0,0
BRDA:82,8,1,0
BRDA:90,9,0,0
BRDA:90,9,1,0
BRDA:92,10,0,0
BRDA:92,10,1,0
BRDA:102,11,0,0
BRDA:102,11,1,0
BRDA:104,12,0,0
BRDA:104,12,1,0
BRDA:107,13,0,0
BRDA:107,13,1,0
BRDA:115,14,0,0
BRDA:115,14,1,0
BRDA:129,15,0,0
BRDA:129,15,1,0
BRDA:130,16,0,0
BRDA:130,16,1,0
BRDA:131,17,0,0
BRDA:131,17,1,0
BRDA:133,18,0,0
BRDA:133,18,1,0
BRDA:140,19,0,0
BRDA:140,19,1,0
BRDA:160,20,0,0
BRDA:160,20,1,0
BRDA:160,21,0,0
BRDA:160,21,1,0
BRDA:168,22,0,0
BRDA:168,22,1,0
BRDA:172,23,0,0
BRDA:172,23,1,0
BRDA:173,24,0,0
BRDA:173,24,1,0
BRDA:174,25,0,0
BRDA:174,25,1,0
BRDA:181,26,0,0
BRDA:181,26,1,0
BRDA:186,27,0,0
BRDA:186,27,1,0
BRDA:186,28,0,0
BRDA:186,28,1,0
BRDA:195,29,0,0
BRDA:195,29,1,0
BRDA:196,30,0,0
BRDA:196,30,1,0
BRDA:197,31,0,0
BRDA:197,31,1,0
BRDA:208,32,0,0
BRDA:208,32,1,0
BRDA:208,32,2,0
BRDA:209,33,0,0
BRDA:209,33,1,0
BRDA:209,33,2,0
BRDA:210,34,0,0
BRDA:210,34,1,0
BRDA:210,34,2,0
BRF:73
BRH:0
end_of_record
TN:
SF:/Users/fengyichen/pldev/newfolder/PrairieLearn/lib/externalGraderLocal.js
FN:20,(anonymous_0)
FN:32,(anonymous_1)
FN:38,(anonymous_2)
FN:39,(anonymous_3)
FN:44,(anonymous_4)
FN:48,(anonymous_5)
FN:49,(anonymous_6)
FN:54,(anonymous_7)
FN:55,(anonymous_8)
FN:62,(anonymous_9)
FN:63,(anonymous_10)
FN:70,(anonymous_11)
FN:73,(anonymous_12)
FN:78,(anonymous_13)
FN:90,(anonymous_14)
FN:95,(anonymous_15)
FN:100,(anonymous_16)
FN:103,(anonymous_17)
FN:111,(anonymous_18)
FN:112,(anonymous_19)
FN:119,(anonymous_20)
FN:120,(anonymous_21)
FN:125,(anonymous_22)
FN:132,(anonymous_23)
FN:133,(anonymous_24)
FN:139,(anonymous_25)
FN:140,(anonymous_26)
FN:145,(anonymous_27)
FN:151,(anonymous_28)
FN:152,(anonymous_29)
FN:156,(anonymous_30)
FN:162,(anonymous_31)
FN:198,(anonymous_32)
FN:219,getDevJobDirectory
FN:241,getDevHostJobDirectory
FNF:35
FNH:0
FNDA:0,(anonymous_0)
FNDA:0,(anonymous_1)
FNDA:0,(anonymous_2)
FNDA:0,(anonymous_3)
FNDA:0,(anonymous_4)
FNDA:0,(anonymous_5)
FNDA:0,(anonymous_6)
FNDA:0,(anonymous_7)
FNDA:0,(anonymous_8)
FNDA:0,(anonymous_9)
FNDA:0,(anonymous_10)
FNDA:0,(anonymous_11)
FNDA:0,(anonymous_12)
FNDA:0,(anonymous_13)
FNDA:0,(anonymous_14)
FNDA:0,(anonymous_15)
FNDA:0,(anonymous_16)
FNDA:0,(anonymous_17)
FNDA:0,(anonymous_18)
FNDA:0,(anonymous_19)
FNDA:0,(anonymous_20)
FNDA:0,(anonymous_21)
FNDA:0,(anonymous_22)
FNDA:0,(anonymous_23)
FNDA:0,(anonymous_24)
FNDA:0,(anonymous_25)
FNDA:0,(anonymous_26)
FNDA:0,(anonymous_27)
FNDA:0,(anonymous_28)
FNDA:0,(anonymous_29)
FNDA:0,(anonymous_30)
FNDA:0,(anonymous_31)
FNDA:0,(anonymous_32)
FNDA:0,getDevJobDirectory
FNDA:0,getDevHostJobDirectory
DA:1,1
DA:2,1
DA:3,1
DA:4,1
DA:5,1
DA:6,1
DA:7,1
DA:8,1
DA:9,1
DA:11,1
DA:12,1
DA:13,1
DA:14,1
DA:15,1
DA:17,1
DA:21,0
DA:23,0
DA:25,0
DA:26,0
DA:27,0
DA:29,0
DA:32,0
DA:33,0
DA:36,0
DA:37,0
DA:39,0
DA:40,0
DA:41,0
DA:45,0
DA:46,0
DA:49,0
DA:50,0
DA:51,0
DA:55,0
DA:56,0
DA:57,0
DA:59,0
DA:63,0
DA:64,0
DA:65,0
DA:66,0
DA:67,0
DA:70,0
DA:71,0
DA:72,0
DA:74,0
DA:79,0
DA:91,0
DA:92,0
DA:96,0
DA:101,0
DA:102,0
DA:103,0
DA:104,0
DA:105,0
DA:106,0
DA:108,0
DA:112,0
DA:113,0
DA:115,0
DA:116,0
DA:120,0
DA:121,0
DA:122,0
DA:123,0
DA:125,0
DA:126,0
DA:127,0
DA:128,0
DA:129,0
DA:133,0
DA:134,0
DA:135,0
DA:136,0
DA:140,0
DA:141,0
DA:142,0
DA:147,0
DA:151,0
DA:152,0
DA:153,0
DA:157,0
DA:158,0
DA:161,0
DA:162,0
DA:163,0
DA:164,0
DA:165,0
DA:167,0
DA:169,0
DA:170,0
DA:174,0
DA:175,0
DA:176,0
DA:177,0
DA:179,0
DA:180,0
DA:181,0
DA:182,0
DA:186,0
DA:189,0
DA:191,0
DA:192,0
DA:195,0
DA:199,0
DA:200,0
DA:202,0
DA:206,0
DA:220,0
DA:222,0
DA:225,0
DA:227,0
DA:229,0
DA:242,0
DA:244,0
DA:247,0
DA:251,1
LF:117
LH:16
BRDA:27,0,0,0
BRDA:27,0,1,0
BRDA:40,1,0,0
BRDA:40,1,1,0
BRDA:50,2,0,0
BRDA:50,2,1,0
BRDA:56,3,0,0
BRDA:56,3,1,0
BRDA:64,4,0,0
BRDA:64,4,1,0
BRDA:71,5,0,0
BRDA:71,5,1,0
BRDA:91,6,0,0
BRDA:91,6,1,0
BRDA:101,7,0,0
BRDA:101,7,1,0
BRDA:113,8,0,0
BRDA:113,8,1,0
BRDA:127,9,0,0
BRDA:127,9,1,0
BRDA:134,10,0,0
BRDA:134,10,1,0
BRDA:135,11,0,0
BRDA:135,11,1,0
BRDA:141,12,0,0
BRDA:141,12,1,0
BRDA:152,13,0,0
BRDA:152,13,1,0
BRDA:161,14,0,0
BRDA:161,14,1,0
BRDA:163,15,0,0
BRDA:163,15,1,0
BRDA:167,16,0,0
BRDA:167,16,1,0
BRDA:191,17,0,0
BRDA:191,17,1,0
BRDA:199,18,0,0
BRDA:199,18,1,0
BRDA:220,19,0,0
BRDA:220,19,1,0
BRDA:225,20,0,0
BRDA:225,20,1,0
BRDA:242,21,0,0
BRDA:242,21,1,0
BRF:44
BRH:0
end_of_record
TN:
SF:/Users/fengyichen/pldev/newfolder/PrairieLearn/lib/externalGraderSqs.js
FN:20,(anonymous_0)
FN:30,(anonymous_1)
FN:33,(anonymous_2)
FN:50,(anonymous_3)
FN:54,(anonymous_4)
FN:60,(anonymous_5)
FN:67,(anonymous_6)
FN:72,(anonymous_7)
FN:73,(anonymous_8)
FN:78,(anonymous_9)
FN:91,getS3RootKey
FN:95,sendJobToQueue
FN:98,(anonymous_12)
FN:105,(anonymous_13)
FN:112,(anonymous_14)
FN:127,(anonymous_15)
FN:132,(anonymous_16)
FNF:17
FNH:0
FNDA:0,(anonymous_0)
FNDA:0,(anonymous_1)
FNDA:0,(anonymous_2)
FNDA:0,(anonymous_3)
FNDA:0,(anonymous_4)
FNDA:0,(anonymous_5)
FNDA:0,(anonymous_6)
FNDA:0,(anonymous_7)
FNDA:0,(anonymous_8)
FNDA:0,(anonymous_9)
FNDA:0,getS3RootKey
FNDA:0,sendJobToQueue
FNDA:0,(anonymous_12)
FNDA:0,(anonymous_13)
FNDA:0,(anonymous_14)
FNDA:0,(anonymous_15)
FNDA:0,(anonymous_16)
DA:1,1
DA:2,1
DA:3,1
DA:4,1
DA:5,1
DA:6,1
DA:7,1
DA:9,1
DA:10,1
DA:11,1
DA:12,1
DA:13,1
DA:15,1
DA:17,1
DA:21,0
DA:22,0
DA:24,0
DA:26,0
DA:27,0
DA:29,0
DA:31,0
DA:36,0
DA:40,0
DA:42,0
DA:47,0
DA:48,0
DA:50,0
DA:51,0
DA:54,0
DA:55,0
DA:58,0
DA:62,0
DA:67,0
DA:68,0
DA:69,0
DA:73,0
DA:74,0
DA:75,0
DA:79,0
DA:80,0
DA:81,0
DA:83,0
DA:87,0
DA:92,0
DA:96,0
DA:97,0
DA:99,0
DA:100,0
DA:102,0
DA:105,0
DA:106,0
DA:107,0
DA:108,0
DA:113,0
DA:123,0
DA:127,0
DA:128,0
DA:129,0
DA:133,0
DA:134,0
DA:138,1
LF:61
LH:15
BRDA:68,0,0,0
BRDA:68,0,1,0
BRDA:74,1,0,0
BRDA:74,1,1,0
BRDA:80,2,0,0
BRDA:80,2,1,0
BRDA:99,3,0,0
BRDA:99,3,1,0
BRDA:106,4,0,0
BRDA:106,4,1,0
BRDA:121,5,0,0
BRDA:121,5,1,0
BRDA:128,6,0,0
BRDA:128,6,1,0
BRDA:133,7,0,0
BRDA:133,7,1,0
BRF:16
BRH:0
end_of_record
TN:
SF:/Users/fengyichen/pldev/newfolder/PrairieLearn/lib/file-paths.js
FN:24,(anonymous_0)
FN:31,(anonymous_1)
FN:40,(anonymous_2)
FN:49,(anonymous_3)
FN:64,(anonymous_4)
FN:76,(anonymous_5)
FNF:6
FNH:3
FNDA:53,(anonymous_0)
FNDA:53,(anonymous_1)
FNDA:0,(anonymous_2)
FNDA:0,(anonymous_3)
FNDA:0,(anonymous_4)
FNDA:18,(anonymous_5)
DA:1,1
DA:2,1
DA:3,1
DA:5,1
DA:6,1
DA:7,1
DA:8,1
DA:10,1
DA:12,1
DA:24,1
DA:25,53
DA:26,53
DA:27,53
DA:28,53
DA:29,0
DA:31,53
DA:32,53
DA:34,18
DA:36,0
DA:40,0
DA:41,0
DA:42,0
DA:43,0
DA:48,0
DA:49,0
DA:50,0
DA:51,0
DA:56,18
DA:60,18
DA:62,0
DA:63,0
DA:64,0
DA:65,0
DA:67,0
DA:70,0
DA:74,18
DA:75,18
DA:76,18
DA:77,18
DA:79,0
DA:82,18
DA:89,35
LF:42
LH:25
BRDA:25,0,0,53
BRDA:25,0,1,0
BRDA:28,1,0,0
BRDA:28,1,1,53
BRDA:32,2,0,18
BRDA:32,2,1,35
BRDA:34,3,0,0
BRDA:34,3,1,18
BRDA:41,4,0,0
BRDA:41,4,1,0
BRDA:42,5,0,0
BRDA:42,5,1,0
BRDA:50,6,0,0
BRDA:50,6,1,0
BRDA:60,7,0,0
BRDA:60,7,1,18
BRDA:65,8,0,0
BRDA:65,8,1,0
BRDA:77,9,0,0
BRDA:77,9,1,18
BRF:20
BRH:7
end_of_record
TN:
SF:/Users/fengyichen/pldev/newfolder/PrairieLearn/lib/json-load.js
FN:9,(anonymous_0)
FN:11,(anonymous_1)
FN:25,(anonymous_2)
FN:35,(anonymous_3)
FN:43,(anonymous_4)
FN:64,(anonymous_5)
FN:74,(anonymous_6)
FN:76,(anonymous_7)
FN:80,(anonymous_8)
FN:82,(anonymous_9)
FN:88,(anonymous_10)
FN:90,(anonymous_11)
FNF:12
FNH:9
FNDA:1022,(anonymous_0)
FNDA:1022,(anonymous_1)
FNDA:776,(anonymous_2)
FNDA:0,(anonymous_3)
FNDA:0,(anonymous_4)
FNDA:0,(anonymous_5)
FNDA:486,(anonymous_6)
FNDA:486,(anonymous_7)
FNDA:486,(anonymous_8)
FNDA:486,(anonymous_9)
FNDA:18,(anonymous_10)
FNDA:18,(anonymous_11)
DA:1,1
DA:2,1
DA:3,1
DA:4,1
DA:5,1
DA:7,1
DA:9,1
DA:11,1022
DA:12,1022
DA:13,0
DA:15,1022
DA:16,1022
DA:18,0
DA:21,1022
DA:25,1
DA:27,776
DA:28,776
DA:30,0
DA:32,776
DA:33,776
DA:34,0
DA:36,0
DA:40,776
DA:43,1
DA:44,0
DA:45,0
DA:47,0
DA:48,0
DA:50,0
DA:51,0
DA:53,0
DA:55,0
DA:57,0
DA:58,0
DA:59,0
DA:61,0
DA:62,0
DA:63,0
DA:64,0
DA:65,0
DA:68,0
DA:71,0
DA:74,1
DA:75,486
DA:76,486
DA:77,486
DA:78,486
DA:79,486
DA:80,486
DA:81,486
DA:82,486
DA:83,486
DA:84,486
DA:85,486
DA:86,18
DA:87,18
DA:88,18
DA:89,18
DA:90,18
DA:91,18
DA:92,18
DA:93,18
DA:97,468
DA:102,0
LF:64
LH:40
BRDA:12,0,0,0
BRDA:12,0,1,1022
BRDA:33,1,0,0
BRDA:33,1,1,776
BRDA:37,2,0,0
BRDA:37,2,1,0
BRDA:57,3,0,0
BRDA:57,3,1,0
BRDA:62,4,0,0
BRDA:62,4,1,0
BRDA:66,5,0,0
BRDA:66,5,1,0
BRDA:77,6,0,0
BRDA:77,6,1,486
BRDA:78,7,0,486
BRDA:78,7,1,0
BRDA:81,8,0,0
BRDA:81,8,1,486
BRDA:83,9,0,0
BRDA:83,9,1,486
BRDA:85,10,0,18
BRDA:85,10,1,468
BRDA:85,11,0,486
BRDA:85,11,1,360
BRDA:85,11,2,360
BRDA:85,11,3,360
BRDA:89,12,0,0
BRDA:89,12,1,18
BRDA:91,13,0,0
BRDA:91,13,1,18
BRDA:92,14,0,18
BRDA:92,14,1,0
BRF:32
BRH:15
end_of_record
TN:
SF:/Users/fengyichen/pldev/newfolder/PrairieLearn/lib/logger.js
FN:10,(anonymous_0)
FN:15,(anonymous_1)
FN:21,(anonymous_2)
FNF:3
FNH:1
FNDA:1,(anonymous_0)
FNDA:0,(anonymous_1)
FNDA:0,(anonymous_2)
DA:1,1
DA:2,1
DA:8,1
DA:10,1
DA:11,1
DA:12,1
DA:14,1
DA:15,1
DA:16,0
DA:17,0
DA:19,1
DA:21,1
DA:22,0
DA:25,1
DA:26,1
DA:29,1
LF:16
LH:13
BRDA:12,0,0,1
BRDA:12,0,1,1
BRF:2
BRH:2
end_of_record
TN:
SF:/Users/fengyichen/pldev/newfolder/PrairieLearn/lib/opsbot.js
FN:7,(anonymous_0)
FN:11,(anonymous_1)
FN:24,(anonymous_2)
FNF:3
FNH:0
FNDA:0,(anonymous_0)
FNDA:0,(anonymous_1)
FNDA:0,(anonymous_2)
DA:1,1
DA:2,1
DA:3,1
DA:5,1
DA:7,1
DA:8,0
DA:11,1
DA:13,0
DA:14,0
DA:17,0
DA:24,0
DA:25,0
DA:26,0
LF:13
LH:6
BRDA:13,0,0,0
BRDA:13,0,1,0
BRDA:25,1,0,0
BRDA:25,1,1,0
BRF:4
BRH:0
end_of_record
TN:
SF:/Users/fengyichen/pldev/newfolder/PrairieLearn/lib/paginate.js
FNF:0
FNH:0
DA:1,1
DA:3,1
DA:5,0
DA:6,0
DA:8,0
DA:9,0
DA:11,0
DA:12,0
DA:14,0
DA:15,0
DA:16,0
DA:18,0
LF:12
LH:2
BRDA:6,0,0,0
BRDA:6,0,1,0
BRDA:9,1,0,0
BRDA:9,1,1,0
BRF:4
BRH:0
end_of_record
TN:
SF:/Users/fengyichen/pldev/newfolder/PrairieLearn/lib/question.js
FN:26,(anonymous_0)
FN:46,(anonymous_1)
FN:58,(anonymous_2)
FN:63,(anonymous_3)
FN:68,(anonymous_4)
FN:90,(anonymous_5)
FN:92,(anonymous_6)
FN:105,(anonymous_7)
FN:133,(anonymous_8)
FN:135,(anonymous_9)
FN:140,(anonymous_10)
FN:161,(anonymous_11)
FN:168,(anonymous_12)
FN:190,(anonymous_13)
FN:192,(anonymous_14)
FN:206,(anonymous_15)
FN:212,(anonymous_16)
FN:243,(anonymous_17)
FN:249,(anonymous_18)
FN:256,(anonymous_19)
FN:277,(anonymous_20)
FN:284,(anonymous_21)
FN:285,(anonymous_22)
FN:291,(anonymous_23)
FN:292,(anonymous_24)
FN:317,(anonymous_25)
FN:318,(anonymous_26)
FN:325,(anonymous_27)
FN:326,(anonymous_28)
FN:334,(anonymous_29)
FN:337,(anonymous_30)
FN:343,(anonymous_31)
FN:359,(anonymous_32)
FN:366,(anonymous_33)
FN:384,(anonymous_34)
FN:391,(anonymous_35)
FN:392,(anonymous_36)
FN:398,(anonymous_37)
FN:399,(anonymous_38)
FN:428,(anonymous_39)
FN:433,(anonymous_40)
FN:441,(anonymous_41)
FN:442,(anonymous_42)
FN:449,(anonymous_43)
FN:452,(anonymous_44)
FN:469,(anonymous_45)
FN:472,(anonymous_46)
FN:478,(anonymous_47)
FN:493,(anonymous_48)
FN:500,(anonymous_49)
FN:531,(anonymous_50)
FN:538,(anonymous_51)
FN:539,(anonymous_52)
FN:545,(anonymous_53)
FN:546,(anonymous_54)
FN:551,(anonymous_55)
FN:576,(anonymous_56)
FN:579,(anonymous_57)
FN:580,(anonymous_58)
FN:587,(anonymous_59)
FN:588,(anonymous_60)
FN:595,(anonymous_61)
FN:596,(anonymous_62)
FN:602,(anonymous_63)
FN:631,(anonymous_64)
FN:632,(anonymous_65)
FN:639,(anonymous_66)
FN:640,(anonymous_67)
FN:650,(anonymous_68)
FN:653,(anonymous_69)
FN:659,(anonymous_70)
FN:674,(anonymous_71)
FN:681,(anonymous_72)
FN:695,(anonymous_73)
FN:702,(anonymous_74)
FN:720,(anonymous_75)
FN:760,(anonymous_76)
FN:761,(anonymous_77)
FN:768,(anonymous_78)
FN:769,(anonymous_79)
FN:776,(anonymous_80)
FN:782,(anonymous_81)
FN:789,(anonymous_82)
FN:790,(anonymous_83)
FN:796,(anonymous_84)
FN:797,(anonymous_85)
FN:804,(anonymous_86)
FN:805,(anonymous_87)
FN:809,(anonymous_88)
FN:815,(anonymous_89)
FN:833,(anonymous_90)
FN:836,(anonymous_91)
FN:840,(anonymous_92)
FN:847,(anonymous_93)
FN:849,(anonymous_94)
FN:859,(anonymous_95)
FN:860,(anonymous_96)
FN:884,(anonymous_97)
FN:886,(anonymous_98)
FN:894,(anonymous_99)
FN:909,(anonymous_100)
FN:910,(anonymous_101)
FN:911,(anonymous_102)
FN:924,(anonymous_103)
FN:951,(anonymous_104)
FN:969,(anonymous_105)
FN:976,(anonymous_106)
FN:978,(anonymous_107)
FN:983,(anonymous_108)
FN:984,(anonymous_109)
FN:1007,(anonymous_110)
FN:1009,(anonymous_111)
FN:1014,(anonymous_112)
FN:1067,(anonymous_113)
FN:1069,(anonymous_114)
FN:1077,(anonymous_115)
FN:1084,(anonymous_116)
FN:1121,(anonymous_117)
FN:1136,(anonymous_118)
FN:1141,(anonymous_119)
FN:1156,(anonymous_120)
FN:1166,(anonymous_121)
FN:1173,(anonymous_122)
FN:1174,(anonymous_123)
FN:1180,(anonymous_124)
FN:1187,(anonymous_125)
FN:1196,(anonymous_126)
FN:1201,(anonymous_127)
FN:1207,(anonymous_128)
FN:1228,(anonymous_129)
FNF:130
FNH:120
FNDA:5,(anonymous_0)
FNDA:4,(anonymous_1)
FNDA:4,(anonymous_2)
FNDA:0,(anonymous_3)
FNDA:774,(anonymous_4)
FNDA:141,(anonymous_5)
FNDA:141,(anonymous_6)
FNDA:141,(anonymous_7)
FNDA:4,(anonymous_8)
FNDA:4,(anonymous_9)
FNDA:4,(anonymous_10)
FNDA:99,(anonymous_11)
FNDA:42,(anonymous_12)
FNDA:141,(anonymous_13)
FNDA:141,(anonymous_14)
FNDA:141,(anonymous_15)
FNDA:141,(anonymous_16)
FNDA:264,(anonymous_17)
FNDA:120,(anonymous_18)
FNDA:21,(anonymous_19)
FNDA:236,(anonymous_20)
FNDA:236,(anonymous_21)
FNDA:236,(anonymous_22)
FNDA:236,(anonymous_23)
FNDA:236,(anonymous_24)
FNDA:153,(anonymous_25)
FNDA:153,(anonymous_26)
FNDA:153,(anonymous_27)
FNDA:153,(anonymous_28)
FNDA:153,(anonymous_29)
FNDA:153,(anonymous_30)
FNDA:153,(anonymous_31)
FNDA:153,(anonymous_32)
FNDA:153,(anonymous_33)
FNDA:17,(anonymous_34)
FNDA:17,(anonymous_35)
FNDA:17,(anonymous_36)
FNDA:17,(anonymous_37)
FNDA:17,(anonymous_38)
FNDA:136,(anonymous_39)
FNDA:136,(anonymous_40)
FNDA:131,(anonymous_41)
FNDA:131,(anonymous_42)
FNDA:131,(anonymous_43)
FNDA:131,(anonymous_44)
FNDA:131,(anonymous_45)
FNDA:131,(anonymous_46)
FNDA:131,(anonymous_47)
FNDA:131,(anonymous_48)
FNDA:136,(anonymous_49)
FNDA:0,(anonymous_50)
FNDA:0,(anonymous_51)
FNDA:0,(anonymous_52)
FNDA:0,(anonymous_53)
FNDA:0,(anonymous_54)
FNDA:0,(anonymous_55)
FNDA:129,(anonymous_56)
FNDA:129,(anonymous_57)
FNDA:129,(anonymous_58)
FNDA:129,(anonymous_59)
FNDA:129,(anonymous_60)
FNDA:129,(anonymous_61)
FNDA:129,(anonymous_62)
FNDA:0,(anonymous_63)
FNDA:7,(anonymous_64)
FNDA:7,(anonymous_65)
FNDA:7,(anonymous_66)
FNDA:7,(anonymous_67)
FNDA:7,(anonymous_68)
FNDA:7,(anonymous_69)
FNDA:7,(anonymous_70)
FNDA:7,(anonymous_71)
FNDA:7,(anonymous_72)
FNDA:7,(anonymous_73)
FNDA:7,(anonymous_74)
FNDA:20,(anonymous_75)
FNDA:7,(anonymous_76)
FNDA:7,(anonymous_77)
FNDA:7,(anonymous_78)
FNDA:7,(anonymous_79)
FNDA:7,(anonymous_80)
FNDA:7,(anonymous_81)
FNDA:7,(anonymous_82)
FNDA:7,(anonymous_83)
FNDA:7,(anonymous_84)
FNDA:7,(anonymous_85)
FNDA:7,(anonymous_86)
FNDA:7,(anonymous_87)
FNDA:7,(anonymous_88)
FNDA:7,(anonymous_89)
FNDA:7,(anonymous_90)
FNDA:7,(anonymous_91)
FNDA:7,(anonymous_92)
FNDA:7,(anonymous_93)
FNDA:7,(anonymous_94)
FNDA:7,(anonymous_95)
FNDA:7,(anonymous_96)
FNDA:7,(anonymous_97)
FNDA:7,(anonymous_98)
FNDA:7,(anonymous_99)
FNDA:7,(anonymous_100)
FNDA:7,(anonymous_101)
FNDA:0,(anonymous_102)
FNDA:7,(anonymous_103)
FNDA:7,(anonymous_104)
FNDA:7,(anonymous_105)
FNDA:7,(anonymous_106)
FNDA:7,(anonymous_107)
FNDA:7,(anonymous_108)
FNDA:0,(anonymous_109)
FNDA:331,(anonymous_110)
FNDA:331,(anonymous_111)
FNDA:331,(anonymous_112)
FNDA:331,(anonymous_113)
FNDA:95,(anonymous_114)
FNDA:236,(anonymous_115)
FNDA:331,(anonymous_116)
FNDA:331,(anonymous_117)
FNDA:331,(anonymous_118)
FNDA:331,(anonymous_119)
FNDA:331,(anonymous_120)
FNDA:331,(anonymous_121)
FNDA:331,(anonymous_122)
FNDA:331,(anonymous_123)
FNDA:331,(anonymous_124)
FNDA:331,(anonymous_125)
FNDA:331,(anonymous_126)
FNDA:331,(anonymous_127)
FNDA:331,(anonymous_128)
FNDA:331,(anonymous_129)
DA:1,1
DA:2,1
DA:3,1
DA:4,1
DA:5,1
DA:6,1
DA:8,1
DA:9,1
DA:10,1
DA:11,1
DA:12,1
DA:13,1
DA:15,1
DA:27,5
DA:28,5
DA:32,1
DA:46,774
DA:47,4
DA:57,4
DA:58,4
DA:59,4
DA:60,4
DA:63,0
DA:64,0
DA:65,0
DA:69,774
DA:70,774
DA:85,141
DA:86,0
DA:88,141
DA:90,141
DA:91,141
DA:92,141
DA:93,141
DA:94,141
DA:95,141
DA:102,141
DA:103,0
DA:105,141
DA:106,141
DA:107,141
DA:108,141
DA:109,141
DA:116,141
DA:133,4
DA:134,4
DA:135,4
DA:136,4
DA:138,4
DA:139,4
DA:140,4
DA:141,4
DA:143,4
DA:160,141
DA:161,99
DA:162,99
DA:163,99
DA:164,99
DA:167,42
DA:168,42
DA:169,42
DA:170,42
DA:171,42
DA:190,141
DA:191,141
DA:192,141
DA:193,141
DA:195,141
DA:206,141
DA:207,141
DA:208,141
DA:210,141
DA:211,141
DA:212,141
DA:213,141
DA:214,141
DA:236,285
DA:239,264
DA:243,264
DA:244,264
DA:245,264
DA:246,144
DA:247,144
DA:249,120
DA:250,120
DA:251,120
DA:256,21
DA:257,21
DA:258,21
DA:277,236
DA:278,236
DA:279,236
DA:285,236
DA:286,236
DA:287,236
DA:288,236
DA:292,236
DA:293,236
DA:294,236
DA:312,153
DA:313,153
DA:314,153
DA:316,153
DA:318,153
DA:319,153
DA:320,153
DA:321,153
DA:322,153
DA:326,153
DA:327,153
DA:328,153
DA:329,153
DA:330,153
DA:331,153
DA:335,153
DA:336,153
DA:337,153
DA:338,153
DA:339,153
DA:340,153
DA:344,153
DA:345,153
DA:346,153
DA:348,153
DA:359,153
DA:360,153
DA:361,153
DA:362,153
DA:363,153
DA:367,153
DA:368,153
DA:369,153
DA:384,17
DA:385,17
DA:386,17
DA:392,17
DA:393,17
DA:394,17
DA:395,17
DA:399,17
DA:400,17
DA:401,17
DA:425,136
DA:427,136
DA:429,136
DA:433,136
DA:434,136
DA:435,136
DA:436,131
DA:437,131
DA:438,131
DA:442,131
DA:443,131
DA:444,131
DA:445,131
DA:446,131
DA:450,131
DA:452,131
DA:453,131
DA:454,131
DA:455,131
DA:456,131
DA:457,131
DA:458,131
DA:459,131
DA:460,131
DA:464,0
DA:465,0
DA:466,0
DA:470,131
DA:471,131
DA:472,131
DA:473,131
DA:474,131
DA:475,131
DA:479,131
DA:493,131
DA:494,131
DA:495,131
DA:496,131
DA:497,131
DA:502,136
DA:503,5
DA:504,5
DA:506,136
DA:507,136
DA:509,136
DA:512,0
DA:514,136
DA:531,0
DA:532,0
DA:533,0
DA:539,0
DA:540,0
DA:541,0
DA:542,0
DA:546,0
DA:547,0
DA:548,0
DA:551,0
DA:552,0
DA:553,0
DA:557,0
DA:574,129
DA:576,129
DA:577,129
DA:578,129
DA:580,129
DA:581,129
DA:582,129
DA:583,129
DA:584,129
DA:588,129
DA:589,129
DA:590,129
DA:591,129
DA:592,129
DA:596,129
DA:597,129
DA:598,129
DA:599,129
DA:602,0
DA:603,0
DA:604,0
DA:608,129
DA:627,7
DA:628,7
DA:630,7
DA:632,7
DA:633,7
DA:634,7
DA:635,7
DA:636,7
DA:640,7
DA:641,7
DA:642,7
DA:643,7
DA:644,7
DA:645,7
DA:646,7
DA:647,7
DA:651,7
DA:652,7
DA:653,7
DA:654,7
DA:655,7
DA:656,7
DA:660,7
DA:661,7
DA:663,7
DA:674,7
DA:675,7
DA:676,7
DA:677,7
DA:678,7
DA:682,7
DA:695,7
DA:696,7
DA:697,7
DA:698,7
DA:699,7
DA:703,7
DA:704,7
DA:705,7
DA:718,7
DA:720,7
DA:721,20
DA:722,20
DA:723,20
DA:726,7
DA:727,2
DA:728,2
DA:730,5
DA:731,0
DA:732,0
DA:734,5
DA:735,5
DA:736,5
DA:737,0
DA:739,5
DA:740,5
DA:741,5
DA:757,7
DA:759,7
DA:761,7
DA:762,7
DA:763,7
DA:764,7
DA:765,7
DA:769,7
DA:770,7
DA:771,7
DA:772,7
DA:773,7
DA:777,7
DA:782,7
DA:783,7
DA:784,7
DA:785,7
DA:786,7
DA:790,7
DA:791,7
DA:792,7
DA:793,7
DA:797,7
DA:798,7
DA:799,7
DA:800,7
DA:801,7
DA:805,7
DA:806,7
DA:807,7
DA:808,7
DA:809,7
DA:810,7
DA:811,7
DA:816,7
DA:817,7
DA:818,7
DA:831,7
DA:832,7
DA:833,7
DA:834,7
DA:835,7
DA:837,7
DA:838,7
DA:839,7
DA:840,7
DA:841,7
DA:842,7
DA:843,7
DA:844,7
DA:848,7
DA:849,7
DA:850,7
DA:851,7
DA:852,7
DA:853,7
DA:856,7
DA:860,7
DA:861,7
DA:862,7
DA:863,7
DA:882,7
DA:883,7
DA:885,7
DA:886,7
DA:887,7
DA:888,7
DA:889,7
DA:890,7
DA:891,7
DA:895,7
DA:896,7
DA:897,7
DA:900,7
DA:901,7
DA:902,7
DA:904,7
DA:905,7
DA:907,7
DA:910,7
DA:911,7
DA:912,0
DA:915,7
DA:916,2
DA:917,2
DA:919,5
DA:921,7
DA:925,7
DA:926,7
DA:941,7
DA:942,7
DA:951,7
DA:952,7
DA:953,7
DA:958,7
DA:969,7
DA:970,7
DA:971,0
DA:972,0
DA:973,0
DA:976,7
DA:977,7
DA:978,7
DA:979,7
DA:980,7
DA:981,7
DA:984,7
DA:985,7
DA:986,5
DA:1007,331
DA:1008,331
DA:1009,331
DA:1010,331
DA:1012,331
DA:1013,331
DA:1014,331
DA:1015,331
DA:1016,331
DA:1030,331
DA:1031,331
DA:1032,331
DA:1033,331
DA:1034,331
DA:1035,331
DA:1036,331
DA:1037,331
DA:1038,331
DA:1039,331
DA:1040,331
DA:1042,331
DA:1044,20
DA:1045,20
DA:1046,20
DA:1047,20
DA:1050,311
DA:1051,180
DA:1052,180
DA:1053,180
DA:1055,311
DA:1056,131
DA:1057,103
DA:1058,103
DA:1059,103
DA:1061,28
DA:1066,331
DA:1068,331
DA:1069,95
DA:1070,95
DA:1071,95
DA:1072,95
DA:1075,236
DA:1076,236
DA:1077,236
DA:1078,236
DA:1079,236
DA:1080,236
DA:1085,331
DA:1087,20
DA:1088,20
DA:1089,20
DA:1090,20
DA:1091,20
DA:1094,20
DA:1097,20
DA:1099,20
DA:1100,20
DA:1104,311
DA:1105,311
DA:1106,311
DA:1107,311
DA:1108,311
DA:1111,311
DA:1114,311
DA:1116,311
DA:1117,311
DA:1119,331
DA:1122,331
DA:1123,331
DA:1126,104
DA:1127,104
DA:1128,104
DA:1129,104
DA:1130,76
DA:1131,76
DA:1134,331
DA:1137,331
DA:1141,331
DA:1142,331
DA:1143,331
DA:1144,214
DA:1145,214
DA:1147,214
DA:1148,214
DA:1150,6
DA:1153,331
DA:1157,331
DA:1158,1
DA:1159,1
DA:1160,1
DA:1161,0
DA:1164,331
DA:1167,331
DA:1168,0
DA:1169,0
DA:1171,331
DA:1174,331
DA:1175,331
DA:1176,331
DA:1177,331
DA:1181,331
DA:1187,331
DA:1188,331
DA:1189,331
DA:1190,331
DA:1191,331
DA:1192,331
DA:1193,331
DA:1198,331
DA:1201,331
DA:1202,331
DA:1203,331
DA:1204,331
DA:1208,331
DA:1223,331
DA:1224,331
DA:1225,331
DA:1226,331
DA:1229,331
DA:1230,331
LF:511
LH:475
BRDA:57,0,0,4
BRDA:57,0,1,0
BRDA:59,1,0,0
BRDA:59,1,1,4
BRDA:64,2,0,0
BRDA:64,2,1,0
BRDA:69,3,0,0
BRDA:69,3,1,774
BRDA:85,4,0,0
BRDA:85,4,1,141
BRDA:91,5,0,0
BRDA:91,5,1,141
BRDA:93,6,0,0
BRDA:93,6,1,141
BRDA:97,7,0,141
BRDA:97,7,1,0
BRDA:98,8,0,141
BRDA:98,8,1,0
BRDA:99,9,0,141
BRDA:99,9,1,109
BRDA:102,10,0,0
BRDA:102,10,1,141
BRDA:106,11,0,0
BRDA:106,11,1,141
BRDA:111,12,0,141
BRDA:111,12,1,0
BRDA:112,13,0,141
BRDA:112,13,1,0
BRDA:113,14,0,141
BRDA:113,14,1,109
BRDA:134,15,0,0
BRDA:134,15,1,4
BRDA:136,16,0,0
BRDA:136,16,1,4
BRDA:141,17,0,0
BRDA:141,17,1,4
BRDA:160,18,0,99
BRDA:160,18,1,42
BRDA:162,19,0,0
BRDA:162,19,1,99
BRDA:167,20,0,0
BRDA:167,20,1,42
BRDA:169,21,0,0
BRDA:169,21,1,42
BRDA:191,22,0,0
BRDA:191,22,1,141
BRDA:193,23,0,0
BRDA:193,23,1,141
BRDA:207,24,0,0
BRDA:207,24,1,141
BRDA:213,25,0,0
BRDA:213,25,1,141
BRDA:236,26,0,264
BRDA:236,26,1,21
BRDA:244,27,0,0
BRDA:244,27,1,264
BRDA:245,28,0,144
BRDA:245,28,1,120
BRDA:250,29,0,0
BRDA:250,29,1,120
BRDA:257,30,0,0
BRDA:257,30,1,21
BRDA:278,31,0,0
BRDA:278,31,1,236
BRDA:286,32,0,0
BRDA:286,32,1,236
BRDA:293,33,0,0
BRDA:293,33,1,236
BRDA:319,34,0,0
BRDA:319,34,1,153
BRDA:327,35,0,0
BRDA:327,35,1,153
BRDA:338,36,0,0
BRDA:338,36,1,153
BRDA:345,37,0,0
BRDA:345,37,1,153
BRDA:360,38,0,0
BRDA:360,38,1,153
BRDA:367,39,0,0
BRDA:367,39,1,153
BRDA:385,40,0,0
BRDA:385,40,1,17
BRDA:393,41,0,0
BRDA:393,41,1,17
BRDA:400,42,0,0
BRDA:400,42,1,17
BRDA:434,43,0,0
BRDA:434,43,1,136
BRDA:435,44,0,5
BRDA:435,44,1,131
BRDA:443,45,0,0
BRDA:443,45,1,131
BRDA:450,46,0,131
BRDA:450,46,1,0
BRDA:453,47,0,0
BRDA:453,47,1,131
BRDA:457,48,0,0
BRDA:457,48,1,131
BRDA:473,49,0,0
BRDA:473,49,1,131
BRDA:494,50,0,0
BRDA:494,50,1,131
BRDA:502,51,0,5
BRDA:502,51,1,131
BRDA:506,52,0,0
BRDA:506,52,1,136
BRDA:509,53,0,0
BRDA:509,53,1,136
BRDA:509,54,0,136
BRDA:509,54,1,131
BRDA:509,54,2,131
BRDA:509,54,3,131
BRDA:532,55,0,0
BRDA:532,55,1,0
BRDA:540,56,0,0
BRDA:540,56,1,0
BRDA:547,57,0,0
BRDA:547,57,1,0
BRDA:548,58,0,0
BRDA:548,58,1,0
BRDA:552,59,0,0
BRDA:552,59,1,0
BRDA:577,60,0,0
BRDA:577,60,1,129
BRDA:581,61,0,0
BRDA:581,61,1,129
BRDA:589,62,0,0
BRDA:589,62,1,129
BRDA:597,63,0,0
BRDA:597,63,1,129
BRDA:599,64,0,0
BRDA:599,64,1,129
BRDA:603,65,0,0
BRDA:603,65,1,0
BRDA:628,66,0,0
BRDA:628,66,1,7
BRDA:633,67,0,0
BRDA:633,67,1,7
BRDA:641,68,0,0
BRDA:641,68,1,7
BRDA:654,69,0,0
BRDA:654,69,1,7
BRDA:661,70,0,2
BRDA:661,70,1,5
BRDA:675,71,0,0
BRDA:675,71,1,7
BRDA:696,72,0,0
BRDA:696,72,1,7
BRDA:703,73,0,0
BRDA:703,73,1,7
BRDA:723,74,0,0
BRDA:723,74,1,20
BRDA:726,75,0,2
BRDA:726,75,1,5
BRDA:730,76,0,0
BRDA:730,76,1,5
BRDA:736,77,0,0
BRDA:736,77,1,5
BRDA:736,78,0,5
BRDA:736,78,1,5
BRDA:762,79,0,0
BRDA:762,79,1,7
BRDA:770,80,0,0
BRDA:770,80,1,7
BRDA:783,81,0,0
BRDA:783,81,1,7
BRDA:791,82,0,0
BRDA:791,82,1,7
BRDA:798,83,0,0
BRDA:798,83,1,7
BRDA:806,84,0,0
BRDA:806,84,1,7
BRDA:810,85,0,0
BRDA:810,85,1,7
BRDA:816,86,0,0
BRDA:816,86,1,7
BRDA:834,87,0,0
BRDA:834,87,1,7
BRDA:841,88,0,0
BRDA:841,88,1,7
BRDA:848,89,0,0
BRDA:848,89,1,7
BRDA:850,90,0,0
BRDA:850,90,1,7
BRDA:854,91,0,7
BRDA:854,91,1,0
BRDA:855,92,0,7
BRDA:855,92,1,0
BRDA:861,93,0,0
BRDA:861,93,1,7
BRDA:887,94,0,0
BRDA:887,94,1,7
BRDA:895,95,0,0
BRDA:895,95,1,7
BRDA:901,96,0,7
BRDA:901,96,1,0
BRDA:904,97,0,7
BRDA:904,97,1,0
BRDA:911,98,0,0
BRDA:911,98,1,7
BRDA:915,99,0,2
BRDA:915,99,1,5
BRDA:925,100,0,0
BRDA:925,100,1,7
BRDA:952,101,0,0
BRDA:952,101,1,7
BRDA:970,102,0,0
BRDA:970,102,1,7
BRDA:979,103,0,0
BRDA:979,103,1,7
BRDA:980,104,0,7
BRDA:980,104,1,7
BRDA:984,105,0,0
BRDA:984,105,1,7
BRDA:985,106,0,2
BRDA:985,106,1,5
BRDA:1008,107,0,0
BRDA:1008,107,1,331
BRDA:1010,108,0,0
BRDA:1010,108,1,331
BRDA:1015,109,0,0
BRDA:1015,109,1,331
BRDA:1042,110,0,20
BRDA:1042,110,1,311
BRDA:1050,111,0,180
BRDA:1050,111,1,131
BRDA:1055,112,0,131
BRDA:1055,112,1,180
BRDA:1056,113,0,103
BRDA:1056,113,1,28
BRDA:1056,114,0,131
BRDA:1056,114,1,131
BRDA:1068,115,0,95
BRDA:1068,115,1,236
BRDA:1070,116,0,0
BRDA:1070,116,1,95
BRDA:1075,117,0,236
BRDA:1075,117,1,222
BRDA:1076,118,0,222
BRDA:1076,118,1,14
BRDA:1078,119,0,0
BRDA:1078,119,1,236
BRDA:1085,120,0,20
BRDA:1085,120,1,311
BRDA:1123,121,0,104
BRDA:1123,121,1,227
BRDA:1123,122,0,331
BRDA:1123,122,1,255
BRDA:1123,122,2,235
BRDA:1123,122,3,227
BRDA:1123,122,4,207
BRDA:1129,123,0,76
BRDA:1129,123,1,28
BRDA:1129,124,0,104
BRDA:1129,124,1,104
BRDA:1142,125,0,0
BRDA:1142,125,1,331
BRDA:1143,126,0,214
BRDA:1143,126,1,117
BRDA:1148,127,0,6
BRDA:1148,127,1,208
BRDA:1157,128,0,1
BRDA:1157,128,1,330
BRDA:1160,129,0,0
BRDA:1160,129,1,1
BRDA:1160,130,0,1
BRDA:1160,130,1,1
BRDA:1167,131,0,0
BRDA:1167,131,1,331
BRDA:1167,132,0,331
BRDA:1167,132,1,331
BRDA:1175,133,0,0
BRDA:1175,133,1,331
BRDA:1188,134,0,0
BRDA:1188,134,1,331
BRDA:1202,135,0,0
BRDA:1202,135,1,331
BRDA:1218,136,0,214
BRDA:1218,136,1,117
BRDA:1218,137,0,331
BRDA:1218,137,1,214
BRDA:1219,138,0,214
BRDA:1219,138,1,117
BRDA:1219,139,0,331
BRDA:1219,139,1,331
BRDA:1220,140,0,110
BRDA:1220,140,1,221
BRDA:1221,141,0,214
BRDA:1221,141,1,117
BRDA:1229,142,0,0
BRDA:1229,142,1,331
BRF:291
BRH:179
end_of_record
TN:
SF:/Users/fengyichen/pldev/newfolder/PrairieLearn/lib/require-frontend.js
FN:19,(anonymous_0)
FN:32,(anonymous_1)
FN:38,(anonymous_2)
FN:44,(anonymous_3)
FNF:4
FNH:3
FNDA:0,(anonymous_0)
FNDA:626,(anonymous_1)
FNDA:5403,(anonymous_2)
FNDA:626,(anonymous_3)
DA:7,1
DA:8,1
DA:9,1
DA:10,1
DA:12,1
DA:14,1
DA:19,1
DA:20,0
DA:24,0
DA:25,0
DA:26,0
DA:29,0
DA:32,1
DA:36,626
DA:37,626
DA:38,626
DA:39,5403
DA:40,35
DA:41,35
DA:43,5403
DA:45,626
DA:46,626
DA:47,626
DA:51,1
LF:24
LH:19
BRDA:25,0,0,0
BRDA:25,0,1,0
BRDA:39,1,0,35
BRDA:39,1,1,5368
BRDA:45,2,0,0
BRDA:45,2,1,626
BRF:6
BRH:3
end_of_record
TN:
SF:/Users/fengyichen/pldev/newfolder/PrairieLearn/lib/server-jobs.js
FN:56,Job
FN:64,(anonymous_1)
FN:71,(anonymous_2)
FN:78,(anonymous_3)
FN:82,(anonymous_4)
FN:86,(anonymous_5)
FN:90,(anonymous_6)
FN:94,(anonymous_7)
FN:98,(anonymous_8)
FN:108,(anonymous_9)
FN:114,(anonymous_10)
FN:134,(anonymous_11)
FN:138,(anonymous_12)
FN:155,(anonymous_13)
FN:161,(anonymous_14)
FN:178,(anonymous_15)
FN:183,(anonymous_16)
FN:184,(anonymous_17)
FN:194,(anonymous_18)
FN:210,(anonymous_19)
FN:220,(anonymous_20)
FN:229,(anonymous_21)
FN:261,(anonymous_22)
FN:274,(anonymous_23)
FN:275,(anonymous_24)
FN:283,(anonymous_25)
FN:284,(anonymous_26)
FN:285,(anonymous_27)
FN:286,(anonymous_28)
FN:291,(anonymous_29)
FN:292,(anonymous_30)
FN:293,(anonymous_31)
FN:299,(anonymous_32)
FN:305,(anonymous_33)
FN:311,(anonymous_34)
FN:312,(anonymous_35)
FN:314,(anonymous_36)
FN:324,(anonymous_37)
FN:329,(anonymous_38)
FN:335,(anonymous_39)
FN:338,(anonymous_40)
FN:340,(anonymous_41)
FN:349,(anonymous_42)
FN:369,(anonymous_43)
FN:377,(anonymous_44)
FN:381,(anonymous_45)
FN:383,(anonymous_46)
FNF:47
FNH:14
FNDA:9,Job
FNDA:2,(anonymous_1)
FNDA:50,(anonymous_2)
FNDA:0,(anonymous_3)
FNDA:0,(anonymous_4)
FNDA:0,(anonymous_5)
FNDA:50,(anonymous_6)
FNDA:0,(anonymous_7)
FNDA:7,(anonymous_8)
FNDA:7,(anonymous_9)
FNDA:0,(anonymous_10)
FNDA:7,(anonymous_11)
FNDA:2,(anonymous_12)
FNDA:2,(anonymous_13)
FNDA:0,(anonymous_14)
FNDA:16,(anonymous_15)
FNDA:0,(anonymous_16)
FNDA:0,(anonymous_17)
FNDA:0,(anonymous_18)
FNDA:0,(anonymous_19)
FNDA:0,(anonymous_20)
FNDA:9,(anonymous_21)
FNDA:9,(anonymous_22)
FNDA:0,(anonymous_23)
FNDA:0,(anonymous_24)
FNDA:0,(anonymous_25)
FNDA:0,(anonymous_26)
FNDA:0,(anonymous_27)
FNDA:0,(anonymous_28)
FNDA:0,(anonymous_29)
FNDA:0,(anonymous_30)
FNDA:0,(anonymous_31)
FNDA:0,(anonymous_32)
FNDA:0,(anonymous_33)
FNDA:0,(anonymous_34)
FNDA:0,(anonymous_35)
FNDA:0,(anonymous_36)
FNDA:0,(anonymous_37)
FNDA:0,(anonymous_38)
FNDA:0,(anonymous_39)
FNDA:0,(anonymous_40)
FNDA:0,(anonymous_41)
FNDA:9,(anonymous_42)
FNDA:9,(anonymous_43)
FNDA:0,(anonymous_44)
FNDA:0,(anonymous_45)
FNDA:0,(anonymous_46)
DA:1,1
DA:2,1
DA:3,1
DA:4,1
DA:6,1
DA:7,1
DA:8,1
DA:9,1
DA:11,1
DA:47,1
DA:57,9
DA:58,9
DA:59,9
DA:60,9
DA:61,9
DA:64,1
DA:65,2
DA:66,2
DA:67,2
DA:68,2
DA:71,1
DA:72,50
DA:73,50
DA:74,50
DA:75,50
DA:78,1
DA:79,0
DA:82,1
DA:83,0
DA:86,1
DA:87,0
DA:90,1
DA:91,50
DA:94,1
DA:98,1
DA:99,7
DA:100,7
DA:108,7
DA:109,7
DA:110,7
DA:111,7
DA:112,7
DA:114,7
DA:115,0
DA:116,0
DA:117,0
DA:120,7
DA:121,7
DA:122,7
DA:123,0
DA:126,0
DA:127,0
DA:134,1
DA:135,7
DA:138,1
DA:139,2
DA:140,2
DA:141,2
DA:142,2
DA:143,0
DA:145,2
DA:146,0
DA:148,2
DA:155,2
DA:156,2
DA:157,2
DA:158,2
DA:159,2
DA:161,2
DA:162,0
DA:163,0
DA:164,0
DA:165,0
DA:168,2
DA:169,2
DA:170,0
DA:178,1
DA:179,16
DA:180,16
DA:183,1
DA:184,0
DA:185,0
DA:186,0
DA:187,0
DA:190,0
DA:191,0
DA:194,0
DA:195,0
DA:196,0
DA:197,0
DA:198,0
DA:199,0
DA:201,0
DA:202,0
DA:203,0
DA:204,0
DA:206,0
DA:210,0
DA:211,0
DA:212,0
DA:213,0
DA:216,0
DA:217,0
DA:220,0
DA:221,0
DA:222,0
DA:224,0
DA:229,1
DA:230,9
DA:247,9
DA:261,9
DA:262,9
DA:263,9
DA:265,9
DA:266,9
DA:267,9
DA:268,9
DA:270,9
DA:274,1
DA:275,0
DA:276,0
DA:278,0
DA:279,0
DA:281,0
DA:282,0
DA:283,0
DA:284,0
DA:285,0
DA:286,0
DA:291,0
DA:292,0
DA:293,0
DA:295,0
DA:299,1
DA:300,0
DA:301,0
DA:302,0
DA:303,0
DA:305,0
DA:306,0
DA:307,0
DA:311,1
DA:312,0
DA:313,0
DA:314,0
DA:315,0
DA:316,0
DA:317,0
DA:324,0
DA:325,0
DA:326,0
DA:327,0
DA:329,0
DA:330,0
DA:332,0
DA:336,0
DA:338,0
DA:339,0
DA:340,0
DA:341,0
DA:343,0
DA:349,1
DA:350,9
DA:360,9
DA:369,9
DA:370,9
DA:371,9
DA:373,9
DA:377,1
DA:378,0
DA:381,0
DA:382,0
DA:383,0
DA:384,0
DA:385,0
DA:387,0
LF:176
LH:86
BRDA:111,0,0,7
BRDA:111,0,1,0
BRDA:114,1,0,0
BRDA:114,1,1,7
BRDA:116,2,0,0
BRDA:116,2,1,0
BRDA:121,3,0,7
BRDA:121,3,1,0
BRDA:122,4,0,0
BRDA:122,4,1,7
BRDA:126,5,0,0
BRDA:126,5,1,0
BRDA:142,6,0,0
BRDA:142,6,1,2
BRDA:145,7,0,0
BRDA:145,7,1,2
BRDA:158,8,0,2
BRDA:158,8,1,0
BRDA:161,9,0,0
BRDA:161,9,1,2
BRDA:163,10,0,0
BRDA:163,10,1,0
BRDA:164,11,0,0
BRDA:164,11,1,0
BRDA:168,12,0,0
BRDA:168,12,1,2
BRDA:169,13,0,0
BRDA:169,13,1,2
BRDA:185,14,0,0
BRDA:185,14,1,0
BRDA:195,15,0,0
BRDA:195,15,1,0
BRDA:201,16,0,0
BRDA:201,16,1,0
BRDA:211,17,0,0
BRDA:211,17,1,0
BRDA:221,18,0,0
BRDA:221,18,1,0
BRDA:262,19,0,0
BRDA:262,19,1,9
BRDA:267,20,0,9
BRDA:267,20,1,0
BRDA:276,21,0,0
BRDA:276,21,1,0
BRDA:295,22,0,0
BRDA:295,22,1,0
BRDA:301,23,0,0
BRDA:301,23,1,0
BRDA:302,24,0,0
BRDA:302,24,1,0
BRDA:306,25,0,0
BRDA:306,25,1,0
BRDA:313,26,0,0
BRDA:313,26,1,0
BRDA:315,27,0,0
BRDA:315,27,1,0
BRDA:326,28,0,0
BRDA:326,28,1,0
BRDA:329,29,0,0
BRDA:329,29,1,0
BRDA:336,30,0,0
BRDA:336,30,1,0
BRDA:339,31,0,0
BRDA:339,31,1,0
BRDA:370,32,0,0
BRDA:370,32,1,9
BRDA:383,33,0,0
BRDA:383,33,1,0
BRDA:385,34,0,0
BRDA:385,34,1,0
BRDA:387,35,0,0
BRDA:387,35,1,0
BRF:72
BRH:13
end_of_record
TN:
SF:/Users/fengyichen/pldev/newfolder/PrairieLearn/lib/socket-server.js
FN:5,(anonymous_0)
FNF:1
FNH:1
FNDA:16,(anonymous_0)
DA:1,1
DA:3,1
DA:5,1
DA:6,16
DA:7,16
LF:5
LH:5
BRF:0
BRH:0
end_of_record
TN:
SF:/Users/fengyichen/pldev/newfolder/PrairieLearn/lib/sql-loader.js
FN:7,(anonymous_0)
FN:13,(anonymous_1)
FN:30,(anonymous_2)
FNF:3
FNH:3
FNDA:55,(anonymous_0)
FNDA:3027,(anonymous_1)
FNDA:55,(anonymous_2)
DA:1,1
DA:2,1
DA:3,1
DA:5,1
DA:7,1
DA:8,55
DA:9,55
DA:10,55
DA:11,55
DA:12,55
DA:13,55
DA:14,3027
DA:15,3027
DA:16,162
DA:17,162
DA:18,2865
DA:19,2864
DA:22,55
DA:30,1
DA:31,55
DA:32,55
DA:33,55
DA:35,55
DA:36,55
LF:24
LH:24
BRDA:15,0,0,162
BRDA:15,0,1,2865
BRDA:18,1,0,2864
BRDA:18,1,1,1
BRF:4
BRH:4
end_of_record
TN:
SF:/Users/fengyichen/pldev/newfolder/PrairieLearn/lib/sqldb.js
FN:9,(anonymous_0)
FN:17,(anonymous_1)
FN:30,(anonymous_2)
FN:37,(anonymous_3)
FN:44,(anonymous_4)
FN:45,(anonymous_5)
FN:51,(anonymous_6)
FN:67,(anonymous_7)
FN:84,(anonymous_8)
FN:85,(anonymous_9)
FN:96,(anonymous_10)
FN:99,(anonymous_11)
FN:102,(anonymous_12)
FN:115,(anonymous_13)
FN:118,(anonymous_14)
FN:129,(anonymous_15)
FN:132,(anonymous_16)
FN:143,(anonymous_17)
FN:148,(anonymous_18)
FN:151,(anonymous_19)
FN:164,(anonymous_20)
FN:167,(anonymous_21)
FN:169,(anonymous_22)
FN:171,(anonymous_23)
FN:183,(anonymous_24)
FN:187,(anonymous_25)
FN:196,(anonymous_26)
FN:207,(anonymous_27)
FN:211,(anonymous_28)
FN:212,(anonymous_29)
FN:224,(anonymous_30)
FN:227,(anonymous_31)
FN:237,(anonymous_32)
FN:240,(anonymous_33)
FN:251,(anonymous_34)
FN:254,(anonymous_35)
FN:265,(anonymous_36)
FN:268,(anonymous_37)
FN:270,(anonymous_38)
FN:277,(anonymous_39)
FN:280,(anonymous_40)
FN:291,(anonymous_41)
FN:294,(anonymous_42)
FN:305,(anonymous_43)
FN:308,(anonymous_44)
FN:310,(anonymous_45)
FN:317,(anonymous_46)
FN:320,(anonymous_47)
FN:322,(anonymous_48)
FN:333,(anonymous_49)
FN:336,(anonymous_50)
FN:338,(anonymous_51)
FNF:52
FNH:40
FNDA:51360,(anonymous_0)
FNDA:26672,(anonymous_1)
FNDA:19,(anonymous_2)
FNDA:0,(anonymous_3)
FNDA:20,(anonymous_4)
FNDA:20,(anonymous_5)
FNDA:18853,(anonymous_6)
FNDA:4192,(anonymous_7)
FNDA:414,(anonymous_8)
FNDA:414,(anonymous_9)
FNDA:1869,(anonymous_10)
FNDA:1869,(anonymous_11)
FNDA:1869,(anonymous_12)
FNDA:0,(anonymous_13)
FNDA:0,(anonymous_14)
FNDA:0,(anonymous_15)
FNDA:0,(anonymous_16)
FNDA:0,(anonymous_17)
FNDA:0,(anonymous_18)
FNDA:0,(anonymous_19)
FNDA:414,(anonymous_20)
FNDA:414,(anonymous_21)
FNDA:414,(anonymous_22)
FNDA:0,(anonymous_23)
FNDA:414,(anonymous_24)
FNDA:0,(anonymous_25)
FNDA:414,(anonymous_26)
FNDA:16984,(anonymous_27)
FNDA:16984,(anonymous_28)
FNDA:33968,(anonymous_29)
FNDA:16984,(anonymous_30)
FNDA:16984,(anonymous_31)
FNDA:5162,(anonymous_32)
FNDA:5162,(anonymous_33)
FNDA:673,(anonymous_34)
FNDA:673,(anonymous_35)
FNDA:682,(anonymous_36)
FNDA:1257,(anonymous_37)
FNDA:682,(anonymous_38)
FNDA:261,(anonymous_39)
FNDA:261,(anonymous_40)
FNDA:0,(anonymous_41)
FNDA:0,(anonymous_42)
FNDA:280,(anonymous_43)
FNDA:572,(anonymous_44)
FNDA:280,(anonymous_45)
FNDA:625,(anonymous_46)
FNDA:4639,(anonymous_47)
FNDA:625,(anonymous_48)
FNDA:136,(anonymous_49)
FNDA:272,(anonymous_50)
FNDA:136,(anonymous_51)
DA:1,1
DA:2,1
DA:3,1
DA:4,1
DA:5,1
DA:7,1
DA:9,1
DA:10,51360
DA:11,51360
DA:12,51360
DA:13,51360
DA:14,51360
DA:17,1
DA:19,26672
DA:20,26672
DA:22,0
DA:24,26672
DA:27,1
DA:31,19
DA:32,19
DA:34,0
DA:35,0
DA:37,19
DA:38,0
DA:41,19
DA:45,20
DA:46,20
DA:47,20
DA:52,18853
DA:53,18853
DA:54,11942
DA:55,11942
DA:57,11942
DA:58,11942
DA:59,11942
DA:60,11942
DA:61,11942
DA:62,11942
DA:63,48101
DA:64,48101
DA:65,43483
DA:66,43483
DA:67,4192
DA:68,1033
DA:69,1033
DA:71,42450
DA:72,42450
DA:73,42450
DA:76,48101
DA:77,48101
DA:79,11942
DA:80,11942
DA:81,11942
DA:85,414
DA:86,414
DA:87,0
DA:88,0
DA:90,0
DA:92,414
DA:97,1869
DA:98,1869
DA:99,1869
DA:100,1869
DA:101,1869
DA:102,1869
DA:103,1869
DA:104,0
DA:105,0
DA:106,0
DA:108,1869
DA:109,1869
DA:110,1869
DA:116,0
DA:117,0
DA:118,0
DA:119,0
DA:120,0
DA:121,0
DA:122,0
DA:124,0
DA:125,0
DA:130,0
DA:131,0
DA:132,0
DA:133,0
DA:134,0
DA:135,0
DA:136,0
DA:138,0
DA:139,0
DA:144,0
DA:145,0
DA:149,0
DA:151,0
DA:157,0
DA:158,0
DA:159,0
DA:165,414
DA:166,414
DA:167,414
DA:168,414
DA:169,414
DA:170,414
DA:171,0
DA:172,0
DA:173,0
DA:176,414
DA:184,414
DA:185,414
DA:186,414
DA:187,0
DA:188,0
DA:189,0
DA:190,0
DA:192,0
DA:193,0
DA:196,414
DA:197,414
DA:198,0
DA:199,0
DA:201,414
DA:202,414
DA:208,16984
DA:209,16984
DA:210,16984
DA:211,16984
DA:212,16984
DA:213,33968
DA:214,1
DA:215,1
DA:217,1
DA:218,1
DA:219,1
DA:220,1
DA:221,1
DA:223,16984
DA:224,16984
DA:225,16984
DA:226,16984
DA:227,16984
DA:228,16984
DA:229,16983
DA:230,16983
DA:231,16983
DA:238,5162
DA:239,5162
DA:240,5162
DA:241,5162
DA:242,5162
DA:243,21
DA:244,21
DA:246,5141
DA:247,5141
DA:252,673
DA:253,673
DA:254,673
DA:255,673
DA:256,673
DA:257,0
DA:258,0
DA:260,673
DA:261,673
DA:266,682
DA:267,682
DA:268,1257
DA:269,682
DA:270,682
DA:271,682
DA:272,681
DA:273,681
DA:278,261
DA:279,261
DA:280,261
DA:281,261
DA:282,260
DA:283,0
DA:284,0
DA:286,260
DA:287,260
DA:292,0
DA:293,0
DA:294,0
DA:295,0
DA:296,0
DA:297,0
DA:298,0
DA:300,0
DA:301,0
DA:306,280
DA:307,280
DA:308,572
DA:309,280
DA:310,280
DA:311,280
DA:312,280
DA:313,280
DA:318,625
DA:319,625
DA:320,4639
DA:321,625
DA:322,625
DA:323,625
DA:324,625
DA:325,0
DA:326,0
DA:328,625
DA:329,625
DA:334,136
DA:335,136
DA:336,272
DA:337,136
DA:338,136
DA:339,136
DA:340,136
DA:341,0
DA:342,0
DA:344,136
DA:345,136
LF:218
LH:155
BRDA:10,0,0,0
BRDA:10,0,1,51360
BRDA:12,1,0,28546
BRDA:12,1,1,22814
BRDA:46,2,0,0
BRDA:46,2,1,20
BRDA:52,3,0,0
BRDA:52,3,1,18853
BRDA:53,4,0,6911
BRDA:53,4,1,11942
BRDA:54,5,0,0
BRDA:54,5,1,11942
BRDA:64,6,0,43483
BRDA:64,6,1,4618
BRDA:65,7,0,0
BRDA:65,7,1,43483
BRDA:66,8,0,1033
BRDA:66,8,1,42450
BRDA:86,9,0,0
BRDA:86,9,1,414
BRDA:87,10,0,0
BRDA:87,10,1,0
BRDA:100,11,0,0
BRDA:100,11,1,1869
BRDA:101,12,0,0
BRDA:101,12,1,1869
BRDA:103,13,0,0
BRDA:103,13,1,1869
BRDA:108,14,0,0
BRDA:108,14,1,1869
BRDA:119,15,0,0
BRDA:119,15,1,0
BRDA:120,16,0,0
BRDA:120,16,1,0
BRDA:133,17,0,0
BRDA:133,17,1,0
BRDA:134,18,0,0
BRDA:134,18,1,0
BRDA:158,19,0,0
BRDA:158,19,1,0
BRDA:168,20,0,0
BRDA:168,20,1,414
BRDA:170,21,0,0
BRDA:170,21,1,414
BRDA:172,22,0,0
BRDA:172,22,1,0
BRDA:186,23,0,0
BRDA:186,23,1,414
BRDA:188,24,0,0
BRDA:188,24,1,0
BRDA:197,25,0,0
BRDA:197,25,1,414
BRDA:213,26,0,33967
BRDA:213,26,1,1
BRDA:214,27,0,1
BRDA:214,27,1,0
BRDA:223,28,0,0
BRDA:223,28,1,16984
BRDA:225,29,0,0
BRDA:225,29,1,16984
BRDA:226,30,0,0
BRDA:226,30,1,16984
BRDA:228,31,0,1
BRDA:228,31,1,16983
BRDA:241,32,0,0
BRDA:241,32,1,5162
BRDA:242,33,0,21
BRDA:242,33,1,5141
BRDA:255,34,0,0
BRDA:255,34,1,673
BRDA:256,35,0,0
BRDA:256,35,1,673
BRDA:271,36,0,1
BRDA:271,36,1,681
BRDA:281,37,0,1
BRDA:281,37,1,260
BRDA:282,38,0,0
BRDA:282,38,1,260
BRDA:295,39,0,0
BRDA:295,39,1,0
BRDA:296,40,0,0
BRDA:296,40,1,0
BRDA:311,41,0,0
BRDA:311,41,1,280
BRDA:323,42,0,0
BRDA:323,42,1,625
BRDA:324,43,0,0
BRDA:324,43,1,625
BRDA:339,44,0,0
BRDA:339,44,1,136
BRDA:340,45,0,0
BRDA:340,45,1,136
BRF:92
BRH:45
end_of_record
TN:
SF:/Users/fengyichen/pldev/newfolder/PrairieLearn/middlewares/authn.js
FN:11,(anonymous_0)
FN:43,(anonymous_1)
FN:70,(anonymous_2)
FNF:3
FNH:2
FNDA:626,(anonymous_0)
FNDA:626,(anonymous_1)
FNDA:0,(anonymous_2)
DA:1,1
DA:3,1
DA:4,1
DA:5,1
DA:6,1
DA:7,1
DA:9,1
DA:11,1
DA:12,626
DA:14,626
DA:16,0
DA:17,0
DA:20,626
DA:22,0
DA:23,0
DA:27,626
DA:28,626
DA:29,626
DA:30,626
DA:32,626
DA:33,38
DA:34,38
DA:35,38
DA:37,626
DA:43,626
DA:44,626
DA:45,626
DA:46,626
DA:47,626
DA:49,626
DA:53,0
DA:54,0
DA:55,0
DA:56,0
DA:58,0
DA:59,0
DA:61,0
DA:62,0
DA:63,0
DA:64,0
DA:67,0
DA:70,0
DA:71,0
DA:72,0
DA:73,0
DA:74,0
DA:75,0
LF:47
LH:26
BRDA:14,0,0,0
BRDA:14,0,1,626
BRDA:20,1,0,0
BRDA:20,1,1,626
BRDA:27,2,0,626
BRDA:27,2,1,0
BRDA:32,3,0,38
BRDA:32,3,1,588
BRDA:44,4,0,0
BRDA:44,4,1,626
BRDA:53,5,0,0
BRDA:53,5,1,0
BRDA:59,6,0,0
BRDA:59,6,1,0
BRDA:71,7,0,0
BRDA:71,7,1,0
BRDA:72,8,0,0
BRDA:72,8,1,0
BRF:18
BRH:6
end_of_record
TN:
SF:/Users/fengyichen/pldev/newfolder/PrairieLearn/middlewares/authzCourse.js
FN:10,(anonymous_0)
FN:16,(anonymous_1)
FNF:2
FNH:0
FNDA:0,(anonymous_0)
FNDA:0,(anonymous_1)
DA:1,1
DA:2,1
DA:4,1
DA:5,1
DA:6,1
DA:8,1
DA:10,1
DA:11,0
DA:16,0
DA:17,0
DA:19,0
DA:20,0
DA:22,0
DA:23,0
DA:26,0
DA:38,0
DA:42,0
LF:17
LH:7
BRDA:17,0,0,0
BRDA:17,0,1,0
BRDA:22,1,0,0
BRDA:22,1,1,0
BRF:4
BRH:0
end_of_record
TN:
SF:/Users/fengyichen/pldev/newfolder/PrairieLearn/middlewares/authzCourseInstance.js
FN:12,(anonymous_0)
FN:21,(anonymous_1)
FN:70,(anonymous_2)
FN:85,(anonymous_3)
FNF:4
FNH:4
FNDA:621,(anonymous_0)
FNDA:621,(anonymous_1)
FNDA:28,(anonymous_2)
FNDA:28,(anonymous_3)
DA:1,1
DA:2,1
DA:4,1
DA:5,1
DA:6,1
DA:7,1
DA:8,1
DA:10,1
DA:12,1
DA:13,621
DA:21,621
DA:22,621
DA:23,621
DA:25,621
DA:26,621
DA:27,621
DA:29,621
DA:30,621
DA:33,621
DA:53,621
DA:55,621
DA:58,621
DA:60,593
DA:65,28
DA:70,28
DA:71,28
DA:74,28
DA:85,28
DA:86,28
DA:87,28
DA:89,28
DA:90,28
DA:92,28
DA:93,28
DA:94,28
DA:95,28
DA:97,28
DA:98,28
DA:99,28
LF:39
LH:39
BRDA:18,0,0,621
BRDA:18,0,1,621
BRDA:19,1,0,28
BRDA:19,1,1,593
BRDA:19,2,0,621
BRDA:19,2,1,621
BRDA:22,3,0,0
BRDA:22,3,1,621
BRDA:23,4,0,0
BRDA:23,4,1,621
BRDA:58,5,0,593
BRDA:58,5,1,28
BRDA:58,6,0,621
BRDA:58,6,1,621
BRDA:58,6,2,621
BRDA:58,6,3,593
BRDA:71,7,0,0
BRDA:71,7,1,28
BRDA:80,8,0,0
BRDA:80,8,1,28
BRDA:81,9,0,0
BRDA:81,9,1,28
BRDA:82,10,0,28
BRDA:82,10,1,0
BRDA:83,11,0,16
BRDA:83,11,1,12
BRDA:86,12,0,0
BRDA:86,12,1,28
BRDA:87,13,0,0
BRDA:87,13,1,28
BRF:30
BRH:22
end_of_record
TN:
SF:/Users/fengyichen/pldev/newfolder/PrairieLearn/middlewares/authzCourseInstanceAuthnHasInstructorView.js
FN:3,(anonymous_0)
FNF:1
FNH:0
FNDA:0,(anonymous_0)
DA:1,1
DA:3,1
DA:4,0
DA:5,0
DA:7,0
LF:5
LH:2
BRDA:4,0,0,0
BRDA:4,0,1,0
BRF:2
BRH:0
end_of_record
TN:
SF:/Users/fengyichen/pldev/newfolder/PrairieLearn/middlewares/authzCourseInstanceHasCourseView.js
FN:3,(anonymous_0)
FNF:1
FNH:0
FNDA:0,(anonymous_0)
DA:1,1
DA:3,1
DA:4,0
DA:5,0
DA:7,0
LF:5
LH:2
BRDA:4,0,0,0
BRDA:4,0,1,0
BRF:2
BRH:0
end_of_record
TN:
[...]
DA:892,1
DA:893,1
DA:900,1
DA:901,1
DA:902,1
DA:903,1
DA:906,1
DA:907,1
DA:908,1
DA:909,1
DA:910,1
DA:911,1
DA:912,1
DA:920,1
DA:921,1
DA:928,1
DA:929,1
DA:930,1
DA:931,1
DA:934,1
DA:935,1
DA:936,1
DA:937,1
DA:938,1
DA:941,1
DA:942,1
DA:943,1
DA:944,1
DA:945,1
DA:947,1
DA:948,1
DA:949,1
DA:950,1
DA:951,0
DA:953,1
DA:954,0
DA:956,1
DA:957,1
DA:960,1
DA:961,1
DA:964,1
DA:965,1
DA:966,1
DA:967,1
DA:969,1
DA:970,1
DA:971,1
DA:972,1
DA:973,0
DA:975,1
DA:976,0
DA:978,1
DA:979,1
DA:982,1
DA:983,1
DA:986,1
DA:987,1
DA:988,1
DA:989,1
DA:991,1
DA:992,1
DA:993,1
DA:994,1
DA:995,0
DA:997,1
DA:998,0
DA:1000,1
DA:1001,1
DA:1004,1
DA:1005,1
DA:1008,1
DA:1009,1
DA:1010,1
DA:1011,1
DA:1013,1
DA:1014,1
DA:1015,1
DA:1016,1
DA:1017,0
DA:1019,1
DA:1020,0
DA:1022,1
DA:1023,1
DA:1026,1
DA:1028,1
DA:1033,1
DA:1034,1
DA:1035,1
DA:1036,1
DA:1037,1
DA:1038,1
DA:1042,1
DA:1043,1
DA:1044,1
DA:1045,1
DA:1046,1
DA:1047,1
DA:1055,1
DA:1056,1
DA:1057,1
DA:1058,1
DA:1059,1
DA:1067,1
DA:1068,1
DA:1069,1
DA:1070,1
DA:1071,1
DA:1079,1
DA:1080,1
DA:1081,1
DA:1082,1
DA:1088,1
DA:1092,1
DA:1094,5
DA:1095,5
DA:1096,5
DA:1097,5
DA:1099,5
DA:1100,5
DA:1101,5
DA:1104,5
DA:1105,5
DA:1107,5
DA:1108,5
DA:1109,5
DA:1114,5
DA:1116,5
DA:1117,68
DA:1118,68
DA:1119,68
DA:1120,68
DA:1121,0
DA:1123,68
DA:1125,68
DA:1126,68
DA:1127,68
DA:1128,68
DA:1129,68
DA:1130,68
DA:1138,68
DA:1139,68
DA:1145,68
DA:1146,0
DA:1147,0
DA:1148,0
DA:1149,0
DA:1150,0
DA:1153,68
DA:1154,0
DA:1155,0
DA:1156,0
DA:1157,0
DA:1158,0
DA:1161,0
DA:1162,68
DA:1163,0
DA:1164,0
DA:1165,0
DA:1166,0
DA:1167,0
DA:1170,0
DA:1171,68
DA:1172,0
DA:1173,68
DA:1174,68
DA:1175,68
DA:1176,68
DA:1177,68
DA:1179,0
LF:576
LH:540
BRDA:174,0,0,150
BRDA:174,0,1,180
BRDA:174,1,0,330
BRDA:174,1,1,270
BRDA:174,1,2,210
BRDA:186,2,0,0
BRDA:186,2,1,6
BRDA:196,3,0,0
BRDA:196,3,1,6
BRDA:199,4,0,0
BRDA:199,4,1,6
BRDA:224,5,0,0
BRDA:224,5,1,6
BRDA:228,6,0,0
BRDA:228,6,1,6
BRDA:242,7,0,0
BRDA:242,7,1,6
BRDA:243,8,0,0
BRDA:243,8,1,6
BRDA:255,9,0,0
BRDA:255,9,1,6
BRDA:256,10,0,0
BRDA:256,10,1,6
BRDA:274,11,0,0
BRDA:274,11,1,6
BRDA:277,12,0,0
BRDA:277,12,1,6
BRDA:645,13,0,0
BRDA:645,13,1,1
BRDA:647,14,0,0
BRDA:647,14,1,1
BRDA:757,15,0,0
BRDA:757,15,1,1
BRDA:811,16,0,0
BRDA:811,16,1,1
BRDA:950,17,0,0
BRDA:950,17,1,1
BRDA:953,18,0,0
BRDA:953,18,1,1
BRDA:972,19,0,0
BRDA:972,19,1,1
BRDA:975,20,0,0
BRDA:975,20,1,1
BRDA:994,21,0,0
BRDA:994,21,1,1
BRDA:997,22,0,0
BRDA:997,22,1,1
BRDA:1016,23,0,0
BRDA:1016,23,1,1
BRDA:1019,24,0,0
BRDA:1019,24,1,1
BRDA:1037,25,0,0
BRDA:1037,25,1,1
BRDA:1100,26,0,0
BRDA:1100,26,1,5
BRDA:1108,27,0,0
BRDA:1108,27,1,5
BRDA:1120,28,0,0
BRDA:1120,28,1,68
BRDA:1129,29,0,66
BRDA:1129,29,1,2
BRDA:1131,30,0,0
BRDA:1131,30,1,68
BRDA:1132,31,0,0
BRDA:1132,31,1,68
BRDA:1145,32,0,0
BRDA:1145,32,1,68
BRDA:1153,33,0,0
BRDA:1153,33,1,68
BRDA:1162,34,0,0
BRDA:1162,34,1,68
BRDA:1171,35,0,0
BRDA:1171,35,1,68
BRDA:1173,36,0,68
BRDA:1173,36,1,0
BRDA:1173,37,0,68
BRDA:1173,37,1,68
BRF:77
BRH:43
end_of_record
TN:
SF:/Users/fengyichen/pldev/newfolder/PrairieLearn/tests/testInstructorAssessment.js
FN:28,(anonymous_0)
FN:38,(anonymous_1)
FN:39,(anonymous_2)
FN:40,(anonymous_3)
FN:52,(anonymous_4)
FN:65,(anonymous_5)
FN:66,(anonymous_6)
FN:67,(anonymous_7)
FN:79,(anonymous_8)
FN:92,(anonymous_9)
FN:93,(anonymous_10)
FN:94,(anonymous_11)
FN:106,(anonymous_12)
FN:120,(anonymous_13)
FN:121,(anonymous_14)
FN:122,(anonymous_15)
FN:133,(anonymous_16)
FN:136,(anonymous_17)
FN:140,(anonymous_18)
FN:146,(anonymous_19)
FN:147,(anonymous_20)
FN:148,(anonymous_21)
FN:159,(anonymous_22)
FN:162,(anonymous_23)
FN:166,(anonymous_24)
FN:172,(anonymous_25)
FN:173,(anonymous_26)
FN:174,(anonymous_27)
FN:185,(anonymous_28)
FN:190,(anonymous_29)
FN:191,(anonymous_30)
FN:195,(anonymous_31)
FN:198,(anonymous_32)
FN:201,(anonymous_33)
FN:208,(anonymous_34)
FN:216,(anonymous_35)
FN:222,(anonymous_36)
FN:228,(anonymous_37)
FN:229,(anonymous_38)
FN:236,(anonymous_39)
FN:248,(anonymous_40)
FN:251,(anonymous_41)
FN:259,(anonymous_42)
FN:260,(anonymous_43)
FN:264,(anonymous_44)
FN:267,(anonymous_45)
FN:270,(anonymous_46)
FN:277,(anonymous_47)
FN:285,(anonymous_48)
FN:291,(anonymous_49)
FN:297,(anonymous_50)
FN:298,(anonymous_51)
FN:305,(anonymous_52)
FN:317,(anonymous_53)
FN:320,(anonymous_54)
FN:328,(anonymous_55)
FN:329,(anonymous_56)
FN:333,(anonymous_57)
FN:336,(anonymous_58)
FN:339,(anonymous_59)
FN:346,(anonymous_60)
FN:354,(anonymous_61)
FN:361,(anonymous_62)
FN:367,(anonymous_63)
FN:368,(anonymous_64)
FN:375,(anonymous_65)
FN:387,(anonymous_66)
FN:390,(anonymous_67)
FN:398,(anonymous_68)
FN:399,(anonymous_69)
FN:403,(anonymous_70)
FN:406,(anonymous_71)
FN:409,(anonymous_72)
FN:416,(anonymous_73)
FN:424,(anonymous_74)
FN:431,(anonymous_75)
FN:437,(anonymous_76)
FN:438,(anonymous_77)
FN:445,(anonymous_78)
FN:457,(anonymous_79)
FN:460,(anonymous_80)
FN:468,(anonymous_81)
FN:469,(anonymous_82)
FN:470,(anonymous_83)
FN:481,(anonymous_84)
FN:484,(anonymous_85)
FN:488,(anonymous_86)
FN:492,(anonymous_87)
FN:498,(anonymous_88)
FN:499,(anonymous_89)
FN:503,(anonymous_90)
FN:506,(anonymous_91)
FN:509,(anonymous_92)
FN:516,(anonymous_93)
FN:524,(anonymous_94)
FN:531,(anonymous_95)
FN:537,(anonymous_96)
FN:538,(anonymous_97)
FN:545,(anonymous_98)
FN:557,(anonymous_99)
FN:560,(anonymous_100)
FNF:101
FNH:101
FNDA:1,(anonymous_0)
FNDA:1,(anonymous_1)
FNDA:1,(anonymous_2)
FNDA:1,(anonymous_3)
FNDA:1,(anonymous_4)
FNDA:1,(anonymous_5)
FNDA:1,(anonymous_6)
FNDA:1,(anonymous_7)
FNDA:1,(anonymous_8)
FNDA:1,(anonymous_9)
FNDA:1,(anonymous_10)
FNDA:1,(anonymous_11)
FNDA:1,(anonymous_12)
FNDA:1,(anonymous_13)
FNDA:1,(anonymous_14)
FNDA:1,(anonymous_15)
FNDA:1,(anonymous_16)
FNDA:1,(anonymous_17)
FNDA:1,(anonymous_18)
FNDA:1,(anonymous_19)
FNDA:1,(anonymous_20)
FNDA:1,(anonymous_21)
FNDA:1,(anonymous_22)
FNDA:1,(anonymous_23)
FNDA:1,(anonymous_24)
FNDA:1,(anonymous_25)
FNDA:1,(anonymous_26)
FNDA:1,(anonymous_27)
FNDA:1,(anonymous_28)
FNDA:1,(anonymous_29)
FNDA:1,(anonymous_30)
FNDA:1,(anonymous_31)
FNDA:1,(anonymous_32)
FNDA:1,(anonymous_33)
FNDA:1,(anonymous_34)
FNDA:1,(anonymous_35)
FNDA:1,(anonymous_36)
FNDA:1,(anonymous_37)
FNDA:1,(anonymous_38)
FNDA:1,(anonymous_39)
FNDA:1,(anonymous_40)
FNDA:1,(anonymous_41)
FNDA:1,(anonymous_42)
FNDA:1,(anonymous_43)
FNDA:1,(anonymous_44)
FNDA:1,(anonymous_45)
FNDA:1,(anonymous_46)
FNDA:1,(anonymous_47)
FNDA:1,(anonymous_48)
FNDA:1,(anonymous_49)
FNDA:1,(anonymous_50)
FNDA:1,(anonymous_51)
FNDA:1,(anonymous_52)
FNDA:1,(anonymous_53)
FNDA:1,(anonymous_54)
FNDA:1,(anonymous_55)
FNDA:1,(anonymous_56)
FNDA:1,(anonymous_57)
FNDA:1,(anonymous_58)
FNDA:1,(anonymous_59)
FNDA:1,(anonymous_60)
FNDA:1,(anonymous_61)
FNDA:1,(anonymous_62)
FNDA:1,(anonymous_63)
FNDA:1,(anonymous_64)
FNDA:1,(anonymous_65)
FNDA:1,(anonymous_66)
FNDA:1,(anonymous_67)
FNDA:1,(anonymous_68)
FNDA:1,(anonymous_69)
FNDA:1,(anonymous_70)
FNDA:1,(anonymous_71)
FNDA:1,(anonymous_72)
FNDA:1,(anonymous_73)
FNDA:1,(anonymous_74)
FNDA:1,(anonymous_75)
FNDA:1,(anonymous_76)
FNDA:1,(anonymous_77)
FNDA:1,(anonymous_78)
FNDA:1,(anonymous_79)
FNDA:1,(anonymous_80)
FNDA:1,(anonymous_81)
FNDA:1,(anonymous_82)
FNDA:1,(anonymous_83)
FNDA:1,(anonymous_84)
FNDA:1,(anonymous_85)
FNDA:1,(anonymous_86)
FNDA:1,(anonymous_87)
FNDA:1,(anonymous_88)
FNDA:1,(anonymous_89)
FNDA:1,(anonymous_90)
FNDA:1,(anonymous_91)
FNDA:1,(anonymous_92)
FNDA:1,(anonymous_93)
FNDA:1,(anonymous_94)
FNDA:1,(anonymous_95)
FNDA:1,(anonymous_96)
FNDA:1,(anonymous_97)
FNDA:1,(anonymous_98)
FNDA:1,(anonymous_99)
FNDA:1,(anonymous_100)
DA:1,1
DA:2,1
DA:3,1
DA:4,1
DA:6,1
DA:7,1
DA:8,1
DA:10,1
DA:13,1
DA:22,1
DA:24,1
DA:25,1
DA:26,1
DA:28,1
DA:29,1
DA:31,1
DA:32,1
DA:36,1
DA:38,1
DA:39,1
DA:40,1
DA:41,1
DA:42,1
DA:43,1
DA:44,1
DA:52,1
DA:53,1
DA:59,1
DA:60,1
DA:61,1
DA:62,1
DA:65,1
DA:66,1
DA:67,1
DA:68,1
DA:69,1
DA:70,1
DA:71,1
DA:79,1
DA:80,1
DA:86,1
DA:87,1
DA:88,1
DA:89,1
DA:92,1
DA:93,1
DA:94,1
DA:95,1
DA:96,1
DA:97,1
DA:98,1
DA:106,1
DA:107,1
DA:114,1
DA:115,1
DA:116,1
DA:117,1
DA:120,1
DA:121,1
DA:122,1
DA:123,1
DA:124,0
DA:126,1
DA:127,0
DA:129,1
DA:130,1
DA:133,1
DA:134,1
DA:136,1
DA:137,1
DA:138,1
DA:140,1
DA:141,1
DA:142,1
DA:146,1
DA:147,1
DA:148,1
DA:149,1
DA:150,0
DA:152,1
DA:153,0
DA:155,1
DA:156,1
DA:159,1
DA:160,1
DA:162,1
DA:163,1
DA:164,1
DA:166,1
DA:167,1
DA:168,1
DA:172,1
DA:173,1
DA:174,1
DA:175,1
DA:176,0
DA:178,1
DA:179,0
DA:181,1
DA:182,1
DA:185,1
DA:186,1
DA:190,1
DA:191,1
DA:192,1
DA:193,1
DA:195,1
DA:196,1
DA:198,1
DA:199,1
DA:201,1
DA:202,1
DA:203,1
DA:204,1
DA:205,1
DA:206,1
DA:208,1
DA:209,1
DA:210,1
DA:211,1
DA:212,1
DA:213,1
DA:214,1
DA:216,1
DA:217,1
DA:218,1
DA:219,1
DA:220,1
DA:222,1
DA:223,1
DA:224,1
DA:228,1
DA:229,1
DA:230,1
DA:236,1
DA:237,1
DA:238,0
DA:240,1
DA:241,1
DA:242,0
DA:244,1
DA:245,1
DA:248,1
DA:249,1
DA:251,1
DA:252,1
DA:253,1
DA:254,1
DA:255,1
DA:259,1
DA:260,1
DA:261,1
DA:262,1
DA:264,1
DA:265,1
DA:267,1
DA:268,1
DA:270,1
DA:271,1
DA:272,1
DA:273,1
DA:274,1
DA:275,1
DA:277,1
DA:278,1
DA:279,1
DA:280,1
DA:281,1
DA:282,1
DA:283,1
DA:285,1
DA:286,1
DA:287,1
DA:288,1
DA:289,1
DA:291,1
DA:292,1
DA:293,1
DA:297,1
DA:298,1
DA:299,1
DA:305,1
DA:306,1
DA:307,0
DA:309,1
DA:310,1
DA:311,0
DA:313,1
DA:314,1
DA:317,1
DA:318,1
DA:320,1
DA:321,1
DA:322,1
DA:323,1
DA:324,1
DA:328,1
DA:329,1
DA:330,1
DA:331,1
DA:333,1
DA:334,1
DA:336,1
DA:337,1
DA:339,1
DA:340,1
DA:341,1
DA:342,1
DA:343,1
DA:344,1
DA:346,1
DA:347,1
DA:348,1
DA:349,1
DA:350,1
DA:351,1
DA:352,1
DA:354,1
DA:355,1
DA:356,1
DA:357,1
DA:358,1
DA:359,1
DA:361,1
DA:362,1
DA:363,1
DA:367,1
DA:368,1
DA:369,1
DA:375,1
DA:376,1
DA:377,0
DA:379,1
DA:380,1
DA:381,0
DA:383,1
DA:384,1
DA:387,1
DA:388,1
DA:390,1
DA:391,1
DA:392,1
DA:393,1
DA:394,1
DA:398,1
DA:399,1
DA:400,1
DA:401,1
DA:403,1
DA:404,1
DA:406,1
DA:407,1
DA:409,1
DA:410,1
DA:411,1
DA:412,1
DA:413,1
DA:414,1
DA:416,1
DA:417,1
DA:418,1
DA:419,1
DA:420,1
DA:421,1
DA:422,1
DA:424,1
DA:425,1
DA:426,1
DA:427,1
DA:428,1
DA:429,1
DA:431,1
DA:432,1
DA:433,1
DA:437,1
DA:438,1
DA:439,1
DA:445,1
DA:446,1
DA:447,0
DA:449,1
DA:450,1
DA:451,0
DA:453,1
DA:454,1
DA:457,1
DA:458,1
DA:460,1
DA:461,1
DA:462,1
DA:463,1
DA:464,1
DA:468,1
DA:469,1
DA:470,1
DA:471,1
DA:472,0
DA:474,1
DA:475,0
DA:477,1
DA:478,1
DA:481,1
DA:482,1
DA:484,1
DA:485,1
DA:486,1
DA:488,1
DA:489,1
DA:490,1
DA:492,1
DA:493,1
DA:494,1
DA:498,1
DA:499,1
DA:500,1
DA:501,1
DA:503,1
DA:504,1
DA:506,1
DA:507,1
DA:509,1
DA:510,1
DA:511,1
DA:512,1
DA:513,1
DA:514,1
DA:516,1
DA:517,1
DA:518,1
DA:519,1
DA:520,1
DA:521,1
DA:522,1
DA:524,1
DA:525,1
DA:526,1
DA:527,1
DA:528,1
DA:529,1
DA:531,1
DA:532,1
DA:533,1
DA:537,1
DA:538,1
DA:539,1
DA:545,1
DA:546,1
DA:547,0
DA:549,1
DA:550,1
DA:551,0
DA:553,1
DA:554,1
DA:557,1
DA:558,1
DA:560,1
DA:561,1
DA:562,1
LF:358
LH:340
BRDA:123,0,0,0
BRDA:123,0,1,1
BRDA:126,1,0,0
BRDA:126,1,1,1
BRDA:149,2,0,0
BRDA:149,2,1,1
BRDA:152,3,0,0
BRDA:152,3,1,1
BRDA:175,4,0,0
BRDA:175,4,1,1
BRDA:178,5,0,0
BRDA:178,5,1,1
BRDA:237,6,0,0
BRDA:237,6,1,1
BRDA:241,7,0,0
BRDA:241,7,1,1
BRDA:306,8,0,0
BRDA:306,8,1,1
BRDA:310,9,0,0
BRDA:310,9,1,1
BRDA:376,10,0,0
BRDA:376,10,1,1
BRDA:380,11,0,0
BRDA:380,11,1,1
BRDA:446,12,0,0
BRDA:446,12,1,1
BRDA:450,13,0,0
BRDA:450,13,1,1
BRDA:471,14,0,0
BRDA:471,14,1,1
BRDA:474,15,0,0
BRDA:474,15,1,1
BRDA:546,16,0,0
BRDA:546,16,1,1
BRDA:550,17,0,0
BRDA:550,17,1,1
BRF:36
BRH:18
end_of_record
TN:
SF:/Users/fengyichen/pldev/newfolder/PrairieLearn/tests/testInstructorQuestions.js
FN:29,(anonymous_0)
FN:37,(anonymous_1)
FN:38,(anonymous_2)
FN:39,(anonymous_3)
FN:48,(anonymous_4)
FN:53,(anonymous_5)
FN:58,(anonymous_6)
FN:63,(anonymous_7)
FN:70,(anonymous_8)
FN:71,(anonymous_9)
FN:72,(anonymous_10)
FN:83,(anonymous_11)
FN:86,(anonymous_12)
FN:92,(anonymous_13)
FN:98,(anonymous_14)
FN:104,(anonymous_15)
FN:112,(anonymous_16)
FN:113,(anonymous_17)
FN:114,(anonymous_18)
FN:122,(anonymous_19)
FN:135,(anonymous_20)
FN:136,(anonymous_21)
FN:137,(anonymous_22)
FN:145,(anonymous_23)
FN:158,(anonymous_24)
FN:159,(anonymous_25)
FN:160,(anonymous_26)
FN:168,(anonymous_27)
FN:181,(anonymous_28)
FN:182,(anonymous_29)
FN:183,(anonymous_30)
FN:191,(anonymous_31)
FN:203,(anonymous_32)
FN:204,(anonymous_33)
FN:205,(anonymous_34)
FN:213,(anonymous_35)
FN:225,(anonymous_36)
FN:226,(anonymous_37)
FN:227,(anonymous_38)
FN:235,(anonymous_39)
FN:245,(anonymous_40)
FN:246,(anonymous_41)
FN:253,(anonymous_42)
FN:254,(anonymous_43)
FN:255,(anonymous_44)
FN:261,(anonymous_45)
FN:262,(anonymous_46)
FN:266,(anonymous_47)
FN:268,(anonymous_48)
FN:279,(anonymous_49)
FN:283,(anonymous_50)
FN:284,(anonymous_51)
FN:288,(anonymous_52)
FN:290,(anonymous_53)
FN:301,(anonymous_54)
FN:305,(anonymous_55)
FN:306,(anonymous_56)
FN:310,(anonymous_57)
FN:312,(anonymous_58)
FN:323,(anonymous_59)
FN:327,(anonymous_60)
FN:328,(anonymous_61)
FN:332,(anonymous_62)
FN:334,(anonymous_63)
FN:345,(anonymous_64)
FN:349,(anonymous_65)
FN:350,(anonymous_66)
FNF:67
FNH:67
FNDA:1,(anonymous_0)
FNDA:1,(anonymous_1)
FNDA:1,(anonymous_2)
FNDA:1,(anonymous_3)
FNDA:1,(anonymous_4)
FNDA:1,(anonymous_5)
FNDA:1,(anonymous_6)
FNDA:1,(anonymous_7)
FNDA:1,(anonymous_8)
FNDA:1,(anonymous_9)
FNDA:1,(anonymous_10)
FNDA:1,(anonymous_11)
FNDA:1,(anonymous_12)
FNDA:1,(anonymous_13)
FNDA:1,(anonymous_14)
FNDA:1,(anonymous_15)
FNDA:1,(anonymous_16)
FNDA:1,(anonymous_17)
FNDA:1,(anonymous_18)
FNDA:1,(anonymous_19)
FNDA:1,(anonymous_20)
FNDA:1,(anonymous_21)
FNDA:1,(anonymous_22)
FNDA:1,(anonymous_23)
FNDA:1,(anonymous_24)
FNDA:1,(anonymous_25)
FNDA:1,(anonymous_26)
FNDA:1,(anonymous_27)
FNDA:1,(anonymous_28)
FNDA:1,(anonymous_29)
FNDA:1,(anonymous_30)
FNDA:1,(anonymous_31)
FNDA:1,(anonymous_32)
FNDA:1,(anonymous_33)
FNDA:1,(anonymous_34)
FNDA:1,(anonymous_35)
FNDA:1,(anonymous_36)
FNDA:1,(anonymous_37)
FNDA:1,(anonymous_38)
FNDA:1,(anonymous_39)
FNDA:1,(anonymous_40)
FNDA:1,(anonymous_41)
FNDA:1,(anonymous_42)
FNDA:1,(anonymous_43)
FNDA:1,(anonymous_44)
FNDA:1,(anonymous_45)
FNDA:1,(anonymous_46)
FNDA:1,(anonymous_47)
FNDA:1,(anonymous_48)
FNDA:1,(anonymous_49)
FNDA:1,(anonymous_50)
FNDA:1,(anonymous_51)
FNDA:1,(anonymous_52)
FNDA:1,(anonymous_53)
FNDA:1,(anonymous_54)
FNDA:1,(anonymous_55)
FNDA:1,(anonymous_56)
FNDA:1,(anonymous_57)
FNDA:1,(anonymous_58)
FNDA:1,(anonymous_59)
FNDA:1,(anonymous_60)
FNDA:1,(anonymous_61)
FNDA:1,(anonymous_62)
FNDA:1,(anonymous_63)
FNDA:1,(anonymous_64)
FNDA:1,(anonymous_65)
FNDA:1,(anonymous_66)
DA:1,1
DA:2,1
DA:3,1
DA:4,1
DA:5,1
DA:7,1
DA:8,1
DA:9,1
DA:10,1
DA:12,1
DA:13,1
DA:15,1
DA:17,1
DA:18,1
DA:19,1
DA:20,1
DA:21,1
DA:22,1
DA:24,1
DA:25,1
DA:26,1
DA:27,1
DA:29,1
DA:30,1
DA:32,1
DA:33,1
DA:37,1
DA:38,1
DA:39,1
DA:40,1
DA:41,1
DA:42,0
DA:44,1
DA:45,1
DA:48,1
DA:49,1
DA:50,1
DA:51,1
DA:53,1
DA:54,1
DA:55,1
DA:56,1
DA:58,1
DA:59,1
DA:60,1
DA:61,1
DA:63,1
DA:64,1
DA:65,1
DA:66,1
DA:70,1
DA:71,1
DA:72,1
DA:73,1
DA:74,0
DA:76,1
DA:77,0
DA:79,1
DA:80,1
DA:83,1
DA:84,1
DA:86,1
DA:87,1
DA:88,1
DA:89,1
DA:90,1
DA:92,1
DA:93,1
DA:94,1
DA:95,1
DA:96,1
DA:98,1
DA:99,1
DA:100,1
DA:101,1
DA:102,1
DA:104,1
DA:105,1
DA:106,1
DA:107,1
DA:108,1
DA:112,1
DA:113,1
DA:114,1
DA:115,1
DA:116,1
DA:117,1
DA:118,1
DA:122,1
DA:123,1
DA:130,1
DA:131,1
DA:132,1
DA:135,1
DA:136,1
DA:137,1
DA:138,1
DA:139,1
DA:140,1
DA:141,1
DA:145,1
DA:146,1
DA:153,1
DA:154,1
DA:155,1
DA:158,1
DA:159,1
DA:160,1
DA:161,1
DA:162,1
DA:163,1
DA:164,1
DA:168,1
DA:169,1
DA:176,1
DA:177,1
DA:178,1
DA:181,1
DA:182,1
DA:183,1
DA:184,1
DA:185,1
DA:186,1
DA:187,1
DA:191,1
DA:192,1
DA:198,1
DA:199,1
DA:200,1
DA:203,1
DA:204,1
DA:205,1
DA:206,1
DA:207,1
DA:208,1
DA:209,1
DA:213,1
DA:214,1
DA:220,1
DA:221,1
DA:222,1
DA:225,1
DA:226,1
DA:227,1
DA:228,1
DA:229,1
DA:230,1
DA:231,1
DA:235,1
DA:236,1
DA:242,1
DA:243,1
DA:244,1
DA:245,1
DA:246,1
DA:247,1
DA:248,1
DA:253,1
DA:254,1
DA:255,1
DA:256,1
DA:257,1
DA:260,1
DA:261,1
DA:262,1
DA:263,1
DA:264,1
DA:266,1
DA:267,1
DA:268,1
DA:269,1
DA:270,0
DA:272,1
DA:273,0
DA:275,1
DA:276,1
DA:279,1
DA:280,1
DA:283,1
DA:284,1
DA:285,1
DA:286,1
DA:288,1
DA:289,1
DA:290,1
DA:291,1
DA:292,0
DA:294,1
DA:295,0
DA:297,1
DA:298,1
DA:301,1
DA:302,1
DA:305,1
DA:306,1
DA:307,1
DA:308,1
DA:310,1
DA:311,1
DA:312,1
DA:313,1
DA:314,0
DA:316,1
DA:317,0
DA:319,1
DA:320,1
DA:323,1
DA:324,1
DA:327,1
DA:328,1
DA:329,1
DA:330,1
DA:332,1
DA:333,1
DA:334,1
DA:335,1
DA:336,0
DA:338,1
DA:339,0
DA:341,1
DA:342,1
DA:345,1
DA:347,1
DA:349,1
DA:350,1
DA:351,1
DA:352,1
DA:353,0
DA:354,0
DA:356,1
LF:230
LH:217
BRDA:40,0,0,0
BRDA:40,0,1,1
BRDA:41,1,0,0
BRDA:41,1,1,1
BRDA:73,2,0,0
BRDA:73,2,1,1
BRDA:76,3,0,0
BRDA:76,3,1,1
BRDA:269,4,0,0
BRDA:269,4,1,1
BRDA:272,5,0,0
BRDA:272,5,1,1
BRDA:291,6,0,0
BRDA:291,6,1,1
BRDA:294,7,0,0
BRDA:294,7,1,1
BRDA:313,8,0,0
BRDA:313,8,1,1
BRDA:316,9,0,0
BRDA:316,9,1,1
BRDA:335,10,0,0
BRDA:335,10,1,1
BRDA:338,11,0,0
BRDA:338,11,1,1
BRDA:351,12,0,0
BRDA:351,12,1,1
BRDA:352,13,0,0
BRDA:352,13,1,1
BRF:28
BRH:14
end_of_record
TN:
SF:/Users/fengyichen/pldev/newfolder/PrairieLearn/tests/testLoadCourse.js
FN:9,(anonymous_0)
FN:13,(anonymous_1)
FN:14,(anonymous_2)
FN:21,(anonymous_3)
FN:22,(anonymous_4)
FN:25,(anonymous_5)
FN:28,(anonymous_6)
FNF:7
FNH:7
FNDA:1,(anonymous_0)
FNDA:1,(anonymous_1)
FNDA:1,(anonymous_2)
FNDA:1,(anonymous_3)
FNDA:1,(anonymous_4)
FNDA:1,(anonymous_5)
FNDA:1,(anonymous_6)
DA:1,1
DA:2,1
DA:4,1
DA:5,1
DA:7,1
DA:9,1
DA:10,1
DA:13,1
DA:14,1
DA:15,1
DA:16,1
DA:17,1
DA:21,1
DA:22,1
DA:23,1
DA:25,1
DA:26,1
DA:28,1
DA:29,1
LF:19
LH:19
BRDA:15,0,0,0
BRDA:15,0,1,1
BRF:2
BRH:1
end_of_record
TN:
SF:/Users/fengyichen/pldev/newfolder/PrairieLearn/tests/testQuestions.js
FN:28,(anonymous_0)
FN:34,(anonymous_1)
FNF:2
FNH:2
FNDA:1,(anonymous_0)
FNDA:7,(anonymous_1)
DA:1,1
DA:3,1
DA:4,1
DA:6,1
DA:8,1
DA:9,1
DA:10,1
DA:11,1
DA:12,1
DA:13,1
DA:15,1
DA:28,1
DA:29,1
DA:31,1
DA:32,1
DA:34,7
LF:16
LH:16
BRF:0
BRH:0
end_of_record
TN:
SF:/Users/fengyichen/pldev/newfolder/PrairieLearn/tests/testSyncCourseInfo.js
FN:15,(anonymous_0)
FN:19,(anonymous_1)
FN:20,(anonymous_2)
FN:30,(anonymous_3)
FN:31,(anonymous_4)
FN:32,(anonymous_5)
FN:42,(anonymous_6)
FN:43,(anonymous_7)
FN:44,(anonymous_8)
FN:51,(anonymous_9)
FN:52,(anonymous_10)
FN:53,(anonymous_11)
FNF:12
FNH:12
FNDA:1,(anonymous_0)
FNDA:1,(anonymous_1)
FNDA:1,(anonymous_2)
FNDA:1,(anonymous_3)
FNDA:1,(anonymous_4)
FNDA:1,(anonymous_5)
FNDA:1,(anonymous_6)
FNDA:1,(anonymous_7)
FNDA:1,(anonymous_8)
FNDA:1,(anonymous_9)
FNDA:1,(anonymous_10)
FNDA:1,(anonymous_11)
DA:1,1
DA:3,1
DA:4,1
DA:5,1
DA:6,1
DA:7,1
DA:9,1
DA:11,1
DA:12,1
DA:13,1
DA:15,1
DA:16,1
DA:19,1
DA:20,1
DA:21,1
DA:22,1
DA:23,1
DA:27,1
DA:28,1
DA:30,1
DA:31,1
DA:32,1
DA:33,1
DA:34,1
DA:35,0
DA:37,1
DA:42,1
DA:43,1
DA:44,1
DA:45,1
DA:46,1
DA:51,1
DA:52,1
DA:53,1
DA:54,1
DA:55,1
LF:36
LH:35
BRDA:21,0,0,0
BRDA:21,0,1,1
BRDA:33,1,0,0
BRDA:33,1,1,1
BRDA:34,2,0,0
BRDA:34,2,1,1
BRDA:45,3,0,0
BRDA:45,3,1,1
BRDA:54,4,0,0
BRDA:54,4,1,1
BRF:10
BRH:5
end_of_record
TN:
SF:/Users/fengyichen/pldev/newfolder/PrairieLearn/webhooks/grading/grading.js
FN:15,processResults
FN:19,(anonymous_1)
FN:38,(anonymous_2)
FN:39,(anonymous_3)
FN:63,(anonymous_4)
FN:69,(anonymous_5)
FN:81,(anonymous_6)
FN:96,(anonymous_7)
FN:97,(anonymous_8)
FN:103,(anonymous_9)
FN:104,(anonymous_10)
FNF:11
FNH:0
FNDA:0,processResults
FNDA:0,(anonymous_1)
FNDA:0,(anonymous_2)
FNDA:0,(anonymous_3)
FNDA:0,(anonymous_4)
FNDA:0,(anonymous_5)
FNDA:0,(anonymous_6)
FNDA:0,(anonymous_7)
FNDA:0,(anonymous_8)
FNDA:0,(anonymous_9)
FNDA:0,(anonymous_10)
DA:1,1
DA:2,1
DA:3,1
DA:4,1
DA:5,1
DA:7,1
DA:8,1
DA:9,1
DA:10,1
DA:11,1
DA:12,1
DA:13,1
DA:16,0
DA:19,1
DA:21,0
DA:22,0
DA:24,0
DA:25,0
DA:26,0
DA:27,0
DA:30,0
DA:33,0
DA:38,0
DA:39,0
DA:40,0
DA:43,0
DA:44,0
DA:45,0
DA:47,0
DA:48,0
DA:49,0
DA:50,0
DA:53,0
DA:58,0
DA:59,0
DA:62,0
DA:66,0
DA:69,0
DA:70,0
DA:71,0
DA:73,0
DA:74,0
DA:76,0
DA:77,0
DA:78,0
DA:85,0
DA:87,0
DA:91,0
DA:96,0
DA:97,0
DA:98,0
DA:99,0
DA:104,0
DA:107,0
DA:108,0
DA:109,0
DA:113,1
LF:57
LH:14
BRDA:22,0,0,0
BRDA:22,0,1,0
BRDA:26,1,0,0
BRDA:26,1,1,0
BRDA:39,2,0,0
BRDA:39,2,1,0
BRDA:45,3,0,0
BRDA:45,3,1,0
BRDA:49,4,0,0
BRDA:49,4,1,0
BRDA:70,5,0,0
BRDA:70,5,1,0
BRDA:73,6,0,0
BRDA:73,6,1,0
BRDA:85,7,0,0
BRDA:85,7,1,0
BRDA:97,8,0,0
BRDA:97,8,1,0
BRDA:104,9,0,0
BRDA:104,9,1,0
BRF:20
BRH:0
end_of_record
